2022-04-26 15:02:16,156 [INFO] sqlalchemy.engine.Engine: BEGIN (implicit)
2022-04-26 15:02:16,156 [INFO] sqlalchemy.engine.Engine: PRAGMA main.table_info("songs")
2022-04-26 15:02:16,157 [INFO] sqlalchemy.engine.Engine: [raw sql] ()
2022-04-26 15:02:16,162 [INFO] sqlalchemy.engine.Engine: PRAGMA main.table_info("locations")
2022-04-26 15:02:16,162 [INFO] sqlalchemy.engine.Engine: [raw sql] ()
2022-04-26 15:02:16,165 [INFO] sqlalchemy.engine.Engine: PRAGMA main.table_info("users")
2022-04-26 15:02:16,165 [INFO] sqlalchemy.engine.Engine: [raw sql] ()
2022-04-26 15:02:16,168 [INFO] sqlalchemy.engine.Engine: 
DROP TABLE locations
2022-04-26 15:02:16,168 [INFO] sqlalchemy.engine.Engine: [no key 0.00033s] ()
2022-04-26 15:02:16,183 [INFO] sqlalchemy.engine.Engine: 
DROP TABLE songs
2022-04-26 15:02:16,183 [INFO] sqlalchemy.engine.Engine: [no key 0.00030s] ()
2022-04-26 15:02:16,196 [INFO] sqlalchemy.engine.Engine: 
DROP TABLE users
2022-04-26 15:02:16,196 [INFO] sqlalchemy.engine.Engine: [no key 0.00033s] ()
2022-04-26 15:02:16,209 [INFO] sqlalchemy.engine.Engine: COMMIT
2022-04-26 15:02:16,232 [INFO] sqlalchemy.engine.Engine: BEGIN (implicit)
2022-04-26 15:02:16,233 [INFO] sqlalchemy.engine.Engine: PRAGMA main.table_info("songs")
2022-04-26 15:02:16,234 [INFO] sqlalchemy.engine.Engine: [raw sql] ()
2022-04-26 15:02:16,242 [INFO] sqlalchemy.engine.Engine: PRAGMA temp.table_info("songs")
2022-04-26 15:02:16,243 [INFO] sqlalchemy.engine.Engine: [raw sql] ()
2022-04-26 15:02:16,244 [INFO] sqlalchemy.engine.Engine: PRAGMA main.table_info("locations")
2022-04-26 15:02:16,246 [INFO] sqlalchemy.engine.Engine: [raw sql] ()
2022-04-26 15:02:16,247 [INFO] sqlalchemy.engine.Engine: PRAGMA temp.table_info("locations")
2022-04-26 15:02:16,248 [INFO] sqlalchemy.engine.Engine: [raw sql] ()
2022-04-26 15:02:16,250 [INFO] sqlalchemy.engine.Engine: PRAGMA main.table_info("users")
2022-04-26 15:02:16,251 [INFO] sqlalchemy.engine.Engine: [raw sql] ()
2022-04-26 15:02:16,252 [INFO] sqlalchemy.engine.Engine: PRAGMA temp.table_info("users")
2022-04-26 15:02:16,253 [INFO] sqlalchemy.engine.Engine: [raw sql] ()
2022-04-26 15:02:16,256 [INFO] sqlalchemy.engine.Engine: 
CREATE TABLE users (
	id INTEGER NOT NULL, 
	email VARCHAR(120) NOT NULL, 
	password VARCHAR(300) NOT NULL, 
	about VARCHAR(300), 
	authenticated BOOLEAN, 
	registered_on DATETIME, 
	is_active BOOLEAN DEFAULT '1' NOT NULL, 
	is_admin BOOLEAN DEFAULT '0' NOT NULL, 
	PRIMARY KEY (id), 
	UNIQUE (email), 
	UNIQUE (password)
)


2022-04-26 15:02:16,258 [INFO] sqlalchemy.engine.Engine: [no key 0.00131s] ()
2022-04-26 15:02:16,310 [INFO] sqlalchemy.engine.Engine: 
CREATE TABLE songs (
	id INTEGER NOT NULL, 
	title VARCHAR(300), 
	artist VARCHAR(300), 
	user_id INTEGER, 
	PRIMARY KEY (id), 
	FOREIGN KEY(user_id) REFERENCES users (id)
)


2022-04-26 15:02:16,312 [INFO] sqlalchemy.engine.Engine: [no key 0.00132s] ()
2022-04-26 15:02:16,361 [INFO] sqlalchemy.engine.Engine: 
CREATE TABLE locations (
	id INTEGER NOT NULL, 
	title VARCHAR(300), 
	longitude VARCHAR(300), 
	latitude VARCHAR(300), 
	population INTEGER, 
	user_id INTEGER, 
	PRIMARY KEY (id), 
	FOREIGN KEY(user_id) REFERENCES users (id)
)


2022-04-26 15:02:16,363 [INFO] sqlalchemy.engine.Engine: [no key 0.00153s] ()
2022-04-26 15:02:16,411 [INFO] sqlalchemy.engine.Engine: COMMIT
2022-04-26 15:02:16,740 [INFO] sqlalchemy.engine.Engine: BEGIN (implicit)
2022-04-26 15:02:16,741 [INFO] sqlalchemy.engine.Engine: PRAGMA main.table_info("songs")
2022-04-26 15:02:16,741 [INFO] sqlalchemy.engine.Engine: [raw sql] ()
2022-04-26 15:02:16,743 [INFO] sqlalchemy.engine.Engine: PRAGMA main.table_info("locations")
2022-04-26 15:02:16,744 [INFO] sqlalchemy.engine.Engine: [raw sql] ()
2022-04-26 15:02:16,745 [INFO] sqlalchemy.engine.Engine: PRAGMA main.table_info("users")
2022-04-26 15:02:16,745 [INFO] sqlalchemy.engine.Engine: [raw sql] ()
2022-04-26 15:02:16,747 [INFO] sqlalchemy.engine.Engine: 
DROP TABLE locations
2022-04-26 15:02:16,747 [INFO] sqlalchemy.engine.Engine: [no key 0.00021s] ()
2022-04-26 15:02:16,758 [INFO] sqlalchemy.engine.Engine: 
DROP TABLE songs
2022-04-26 15:02:16,758 [INFO] sqlalchemy.engine.Engine: [no key 0.00060s] ()
2022-04-26 15:02:16,771 [INFO] sqlalchemy.engine.Engine: 
DROP TABLE users
2022-04-26 15:02:16,772 [INFO] sqlalchemy.engine.Engine: [no key 0.00036s] ()
2022-04-26 15:02:16,784 [INFO] sqlalchemy.engine.Engine: COMMIT
2022-04-26 15:02:16,806 [INFO] sqlalchemy.engine.Engine: BEGIN (implicit)
2022-04-26 15:02:16,806 [INFO] sqlalchemy.engine.Engine: PRAGMA main.table_info("songs")
2022-04-26 15:02:16,807 [INFO] sqlalchemy.engine.Engine: [raw sql] ()
2022-04-26 15:02:16,809 [INFO] sqlalchemy.engine.Engine: PRAGMA temp.table_info("songs")
2022-04-26 15:02:16,809 [INFO] sqlalchemy.engine.Engine: [raw sql] ()
2022-04-26 15:02:16,809 [INFO] sqlalchemy.engine.Engine: PRAGMA main.table_info("locations")
2022-04-26 15:02:16,810 [INFO] sqlalchemy.engine.Engine: [raw sql] ()
2022-04-26 15:02:16,810 [INFO] sqlalchemy.engine.Engine: PRAGMA temp.table_info("locations")
2022-04-26 15:02:16,811 [INFO] sqlalchemy.engine.Engine: [raw sql] ()
2022-04-26 15:02:16,811 [INFO] sqlalchemy.engine.Engine: PRAGMA main.table_info("users")
2022-04-26 15:02:16,811 [INFO] sqlalchemy.engine.Engine: [raw sql] ()
2022-04-26 15:02:16,812 [INFO] sqlalchemy.engine.Engine: PRAGMA temp.table_info("users")
2022-04-26 15:02:16,812 [INFO] sqlalchemy.engine.Engine: [raw sql] ()
2022-04-26 15:02:16,813 [INFO] sqlalchemy.engine.Engine: 
CREATE TABLE users (
	id INTEGER NOT NULL, 
	email VARCHAR(120) NOT NULL, 
	password VARCHAR(300) NOT NULL, 
	about VARCHAR(300), 
	authenticated BOOLEAN, 
	registered_on DATETIME, 
	is_active BOOLEAN DEFAULT '1' NOT NULL, 
	is_admin BOOLEAN DEFAULT '0' NOT NULL, 
	PRIMARY KEY (id), 
	UNIQUE (email), 
	UNIQUE (password)
)


2022-04-26 15:02:16,813 [INFO] sqlalchemy.engine.Engine: [no key 0.00039s] ()
2022-04-26 15:02:16,824 [INFO] sqlalchemy.engine.Engine: 
CREATE TABLE songs (
	id INTEGER NOT NULL, 
	title VARCHAR(300), 
	artist VARCHAR(300), 
	user_id INTEGER, 
	PRIMARY KEY (id), 
	FOREIGN KEY(user_id) REFERENCES users (id)
)


2022-04-26 15:02:16,825 [INFO] sqlalchemy.engine.Engine: [no key 0.00030s] ()
2022-04-26 15:02:16,835 [INFO] sqlalchemy.engine.Engine: 
CREATE TABLE locations (
	id INTEGER NOT NULL, 
	title VARCHAR(300), 
	longitude VARCHAR(300), 
	latitude VARCHAR(300), 
	population INTEGER, 
	user_id INTEGER, 
	PRIMARY KEY (id), 
	FOREIGN KEY(user_id) REFERENCES users (id)
)


2022-04-26 15:02:16,836 [INFO] sqlalchemy.engine.Engine: [no key 0.00030s] ()
2022-04-26 15:02:16,845 [INFO] sqlalchemy.engine.Engine: COMMIT
2022-04-26 15:02:17,088 [INFO] sqlalchemy.engine.Engine: BEGIN (implicit)
2022-04-26 15:02:17,088 [INFO] sqlalchemy.engine.Engine: PRAGMA main.table_info("songs")
2022-04-26 15:02:17,089 [INFO] sqlalchemy.engine.Engine: [raw sql] ()
2022-04-26 15:02:17,094 [INFO] sqlalchemy.engine.Engine: PRAGMA main.table_info("locations")
2022-04-26 15:02:17,094 [INFO] sqlalchemy.engine.Engine: [raw sql] ()
2022-04-26 15:02:17,097 [INFO] sqlalchemy.engine.Engine: PRAGMA main.table_info("users")
2022-04-26 15:02:17,097 [INFO] sqlalchemy.engine.Engine: [raw sql] ()
2022-04-26 15:02:17,099 [INFO] sqlalchemy.engine.Engine: 
DROP TABLE locations
2022-04-26 15:02:17,100 [INFO] sqlalchemy.engine.Engine: [no key 0.00029s] ()
2022-04-26 15:02:17,113 [INFO] sqlalchemy.engine.Engine: 
DROP TABLE songs
2022-04-26 15:02:17,113 [INFO] sqlalchemy.engine.Engine: [no key 0.00042s] ()
2022-04-26 15:02:17,126 [INFO] sqlalchemy.engine.Engine: 
DROP TABLE users
2022-04-26 15:02:17,126 [INFO] sqlalchemy.engine.Engine: [no key 0.00031s] ()
2022-04-26 15:02:17,152 [INFO] sqlalchemy.engine.Engine: COMMIT
2022-04-26 15:02:17,201 [INFO] sqlalchemy.engine.Engine: BEGIN (implicit)
2022-04-26 15:02:17,202 [INFO] sqlalchemy.engine.Engine: PRAGMA main.table_info("songs")
2022-04-26 15:02:17,203 [INFO] sqlalchemy.engine.Engine: [raw sql] ()
2022-04-26 15:02:17,206 [INFO] sqlalchemy.engine.Engine: PRAGMA temp.table_info("songs")
2022-04-26 15:02:17,207 [INFO] sqlalchemy.engine.Engine: [raw sql] ()
2022-04-26 15:02:17,208 [INFO] sqlalchemy.engine.Engine: PRAGMA main.table_info("locations")
2022-04-26 15:02:17,208 [INFO] sqlalchemy.engine.Engine: [raw sql] ()
2022-04-26 15:02:17,209 [INFO] sqlalchemy.engine.Engine: PRAGMA temp.table_info("locations")
2022-04-26 15:02:17,209 [INFO] sqlalchemy.engine.Engine: [raw sql] ()
2022-04-26 15:02:17,210 [INFO] sqlalchemy.engine.Engine: PRAGMA main.table_info("users")
2022-04-26 15:02:17,210 [INFO] sqlalchemy.engine.Engine: [raw sql] ()
2022-04-26 15:02:17,211 [INFO] sqlalchemy.engine.Engine: PRAGMA temp.table_info("users")
2022-04-26 15:02:17,211 [INFO] sqlalchemy.engine.Engine: [raw sql] ()
2022-04-26 15:02:17,213 [INFO] sqlalchemy.engine.Engine: 
CREATE TABLE users (
	id INTEGER NOT NULL, 
	email VARCHAR(120) NOT NULL, 
	password VARCHAR(300) NOT NULL, 
	about VARCHAR(300), 
	authenticated BOOLEAN, 
	registered_on DATETIME, 
	is_active BOOLEAN DEFAULT '1' NOT NULL, 
	is_admin BOOLEAN DEFAULT '0' NOT NULL, 
	PRIMARY KEY (id), 
	UNIQUE (email), 
	UNIQUE (password)
)


2022-04-26 15:02:17,213 [INFO] sqlalchemy.engine.Engine: [no key 0.00056s] ()
2022-04-26 15:02:17,230 [INFO] sqlalchemy.engine.Engine: 
CREATE TABLE songs (
	id INTEGER NOT NULL, 
	title VARCHAR(300), 
	artist VARCHAR(300), 
	user_id INTEGER, 
	PRIMARY KEY (id), 
	FOREIGN KEY(user_id) REFERENCES users (id)
)


2022-04-26 15:02:17,230 [INFO] sqlalchemy.engine.Engine: [no key 0.00032s] ()
2022-04-26 15:02:17,243 [INFO] sqlalchemy.engine.Engine: 
CREATE TABLE locations (
	id INTEGER NOT NULL, 
	title VARCHAR(300), 
	longitude VARCHAR(300), 
	latitude VARCHAR(300), 
	population INTEGER, 
	user_id INTEGER, 
	PRIMARY KEY (id), 
	FOREIGN KEY(user_id) REFERENCES users (id)
)


2022-04-26 15:02:17,244 [INFO] sqlalchemy.engine.Engine: [no key 0.00040s] ()
2022-04-26 15:02:17,254 [INFO] sqlalchemy.engine.Engine: COMMIT
2022-04-26 15:02:17,456 [INFO] sqlalchemy.engine.Engine: BEGIN (implicit)
2022-04-26 15:02:17,456 [INFO] sqlalchemy.engine.Engine: PRAGMA main.table_info("songs")
2022-04-26 15:02:17,457 [INFO] sqlalchemy.engine.Engine: [raw sql] ()
2022-04-26 15:02:17,461 [INFO] sqlalchemy.engine.Engine: PRAGMA main.table_info("locations")
2022-04-26 15:02:17,462 [INFO] sqlalchemy.engine.Engine: [raw sql] ()
2022-04-26 15:02:17,464 [INFO] sqlalchemy.engine.Engine: PRAGMA main.table_info("users")
2022-04-26 15:02:17,464 [INFO] sqlalchemy.engine.Engine: [raw sql] ()
2022-04-26 15:02:17,466 [INFO] sqlalchemy.engine.Engine: 
DROP TABLE locations
2022-04-26 15:02:17,466 [INFO] sqlalchemy.engine.Engine: [no key 0.00035s] ()
2022-04-26 15:02:17,477 [INFO] sqlalchemy.engine.Engine: 
DROP TABLE songs
2022-04-26 15:02:17,478 [INFO] sqlalchemy.engine.Engine: [no key 0.00031s] ()
2022-04-26 15:02:17,489 [INFO] sqlalchemy.engine.Engine: 
DROP TABLE users
2022-04-26 15:02:17,489 [INFO] sqlalchemy.engine.Engine: [no key 0.00052s] ()
2022-04-26 15:02:17,504 [INFO] sqlalchemy.engine.Engine: COMMIT
2022-04-26 15:02:17,527 [INFO] sqlalchemy.engine.Engine: BEGIN (implicit)
2022-04-26 15:02:17,527 [INFO] sqlalchemy.engine.Engine: PRAGMA main.table_info("songs")
2022-04-26 15:02:17,527 [INFO] sqlalchemy.engine.Engine: [raw sql] ()
2022-04-26 15:02:17,530 [INFO] sqlalchemy.engine.Engine: PRAGMA temp.table_info("songs")
2022-04-26 15:02:17,530 [INFO] sqlalchemy.engine.Engine: [raw sql] ()
2022-04-26 15:02:17,531 [INFO] sqlalchemy.engine.Engine: PRAGMA main.table_info("locations")
2022-04-26 15:02:17,531 [INFO] sqlalchemy.engine.Engine: [raw sql] ()
2022-04-26 15:02:17,532 [INFO] sqlalchemy.engine.Engine: PRAGMA temp.table_info("locations")
2022-04-26 15:02:17,532 [INFO] sqlalchemy.engine.Engine: [raw sql] ()
2022-04-26 15:02:17,532 [INFO] sqlalchemy.engine.Engine: PRAGMA main.table_info("users")
2022-04-26 15:02:17,533 [INFO] sqlalchemy.engine.Engine: [raw sql] ()
2022-04-26 15:02:17,533 [INFO] sqlalchemy.engine.Engine: PRAGMA temp.table_info("users")
2022-04-26 15:02:17,534 [INFO] sqlalchemy.engine.Engine: [raw sql] ()
2022-04-26 15:02:17,534 [INFO] sqlalchemy.engine.Engine: 
CREATE TABLE users (
	id INTEGER NOT NULL, 
	email VARCHAR(120) NOT NULL, 
	password VARCHAR(300) NOT NULL, 
	about VARCHAR(300), 
	authenticated BOOLEAN, 
	registered_on DATETIME, 
	is_active BOOLEAN DEFAULT '1' NOT NULL, 
	is_admin BOOLEAN DEFAULT '0' NOT NULL, 
	PRIMARY KEY (id), 
	UNIQUE (email), 
	UNIQUE (password)
)


2022-04-26 15:02:17,535 [INFO] sqlalchemy.engine.Engine: [no key 0.00045s] ()
2022-04-26 15:02:17,548 [INFO] sqlalchemy.engine.Engine: 
CREATE TABLE songs (
	id INTEGER NOT NULL, 
	title VARCHAR(300), 
	artist VARCHAR(300), 
	user_id INTEGER, 
	PRIMARY KEY (id), 
	FOREIGN KEY(user_id) REFERENCES users (id)
)


2022-04-26 15:02:17,548 [INFO] sqlalchemy.engine.Engine: [no key 0.00041s] ()
2022-04-26 15:02:17,559 [INFO] sqlalchemy.engine.Engine: 
CREATE TABLE locations (
	id INTEGER NOT NULL, 
	title VARCHAR(300), 
	longitude VARCHAR(300), 
	latitude VARCHAR(300), 
	population INTEGER, 
	user_id INTEGER, 
	PRIMARY KEY (id), 
	FOREIGN KEY(user_id) REFERENCES users (id)
)


2022-04-26 15:02:17,560 [INFO] sqlalchemy.engine.Engine: [no key 0.00031s] ()
2022-04-26 15:02:17,570 [INFO] sqlalchemy.engine.Engine: COMMIT
2022-04-26 15:02:17,773 [INFO] sqlalchemy.engine.Engine: BEGIN (implicit)
2022-04-26 15:02:17,773 [INFO] sqlalchemy.engine.Engine: PRAGMA main.table_info("songs")
2022-04-26 15:02:17,774 [INFO] sqlalchemy.engine.Engine: [raw sql] ()
2022-04-26 15:02:17,778 [INFO] sqlalchemy.engine.Engine: PRAGMA main.table_info("locations")
2022-04-26 15:02:17,778 [INFO] sqlalchemy.engine.Engine: [raw sql] ()
2022-04-26 15:02:17,780 [INFO] sqlalchemy.engine.Engine: PRAGMA main.table_info("users")
2022-04-26 15:02:17,780 [INFO] sqlalchemy.engine.Engine: [raw sql] ()
2022-04-26 15:02:17,782 [INFO] sqlalchemy.engine.Engine: 
DROP TABLE locations
2022-04-26 15:02:17,782 [INFO] sqlalchemy.engine.Engine: [no key 0.00022s] ()
2022-04-26 15:02:17,793 [INFO] sqlalchemy.engine.Engine: 
DROP TABLE songs
2022-04-26 15:02:17,794 [INFO] sqlalchemy.engine.Engine: [no key 0.00045s] ()
2022-04-26 15:02:17,808 [INFO] sqlalchemy.engine.Engine: 
DROP TABLE users
2022-04-26 15:02:17,809 [INFO] sqlalchemy.engine.Engine: [no key 0.00034s] ()
2022-04-26 15:02:17,821 [INFO] sqlalchemy.engine.Engine: COMMIT
2022-04-26 15:02:17,873 [INFO] sqlalchemy.engine.Engine: BEGIN (implicit)
2022-04-26 15:02:17,874 [INFO] sqlalchemy.engine.Engine: PRAGMA main.table_info("songs")
2022-04-26 15:02:17,875 [INFO] sqlalchemy.engine.Engine: [raw sql] ()
2022-04-26 15:02:17,880 [INFO] sqlalchemy.engine.Engine: PRAGMA temp.table_info("songs")
2022-04-26 15:02:17,881 [INFO] sqlalchemy.engine.Engine: [raw sql] ()
2022-04-26 15:02:17,882 [INFO] sqlalchemy.engine.Engine: PRAGMA main.table_info("locations")
2022-04-26 15:02:17,883 [INFO] sqlalchemy.engine.Engine: [raw sql] ()
2022-04-26 15:02:17,883 [INFO] sqlalchemy.engine.Engine: PRAGMA temp.table_info("locations")
2022-04-26 15:02:17,884 [INFO] sqlalchemy.engine.Engine: [raw sql] ()
2022-04-26 15:02:17,885 [INFO] sqlalchemy.engine.Engine: PRAGMA main.table_info("users")
2022-04-26 15:02:17,885 [INFO] sqlalchemy.engine.Engine: [raw sql] ()
2022-04-26 15:02:17,886 [INFO] sqlalchemy.engine.Engine: PRAGMA temp.table_info("users")
2022-04-26 15:02:17,886 [INFO] sqlalchemy.engine.Engine: [raw sql] ()
2022-04-26 15:02:17,888 [INFO] sqlalchemy.engine.Engine: 
CREATE TABLE users (
	id INTEGER NOT NULL, 
	email VARCHAR(120) NOT NULL, 
	password VARCHAR(300) NOT NULL, 
	about VARCHAR(300), 
	authenticated BOOLEAN, 
	registered_on DATETIME, 
	is_active BOOLEAN DEFAULT '1' NOT NULL, 
	is_admin BOOLEAN DEFAULT '0' NOT NULL, 
	PRIMARY KEY (id), 
	UNIQUE (email), 
	UNIQUE (password)
)


2022-04-26 15:02:17,888 [INFO] sqlalchemy.engine.Engine: [no key 0.00072s] ()
2022-04-26 15:02:17,912 [INFO] sqlalchemy.engine.Engine: 
CREATE TABLE songs (
	id INTEGER NOT NULL, 
	title VARCHAR(300), 
	artist VARCHAR(300), 
	user_id INTEGER, 
	PRIMARY KEY (id), 
	FOREIGN KEY(user_id) REFERENCES users (id)
)


2022-04-26 15:02:17,913 [INFO] sqlalchemy.engine.Engine: [no key 0.00072s] ()
2022-04-26 15:02:17,936 [INFO] sqlalchemy.engine.Engine: 
CREATE TABLE locations (
	id INTEGER NOT NULL, 
	title VARCHAR(300), 
	longitude VARCHAR(300), 
	latitude VARCHAR(300), 
	population INTEGER, 
	user_id INTEGER, 
	PRIMARY KEY (id), 
	FOREIGN KEY(user_id) REFERENCES users (id)
)


2022-04-26 15:02:17,936 [INFO] sqlalchemy.engine.Engine: [no key 0.00050s] ()
2022-04-26 15:02:17,948 [INFO] sqlalchemy.engine.Engine: COMMIT
2022-04-26 15:02:18,135 [INFO] sqlalchemy.engine.Engine: BEGIN (implicit)
2022-04-26 15:02:18,136 [INFO] sqlalchemy.engine.Engine: PRAGMA main.table_info("songs")
2022-04-26 15:02:18,136 [INFO] sqlalchemy.engine.Engine: [raw sql] ()
2022-04-26 15:02:18,141 [INFO] sqlalchemy.engine.Engine: PRAGMA main.table_info("locations")
2022-04-26 15:02:18,141 [INFO] sqlalchemy.engine.Engine: [raw sql] ()
2022-04-26 15:02:18,143 [INFO] sqlalchemy.engine.Engine: PRAGMA main.table_info("users")
2022-04-26 15:02:18,144 [INFO] sqlalchemy.engine.Engine: [raw sql] ()
2022-04-26 15:02:18,146 [INFO] sqlalchemy.engine.Engine: 
DROP TABLE locations
2022-04-26 15:02:18,146 [INFO] sqlalchemy.engine.Engine: [no key 0.00032s] ()
2022-04-26 15:02:18,158 [INFO] sqlalchemy.engine.Engine: 
DROP TABLE songs
2022-04-26 15:02:18,158 [INFO] sqlalchemy.engine.Engine: [no key 0.00031s] ()
2022-04-26 15:02:18,172 [INFO] sqlalchemy.engine.Engine: 
DROP TABLE users
2022-04-26 15:02:18,173 [INFO] sqlalchemy.engine.Engine: [no key 0.00039s] ()
2022-04-26 15:02:18,194 [INFO] sqlalchemy.engine.Engine: COMMIT
2022-04-26 15:02:18,249 [INFO] sqlalchemy.engine.Engine: BEGIN (implicit)
2022-04-26 15:02:18,251 [INFO] sqlalchemy.engine.Engine: PRAGMA main.table_info("songs")
2022-04-26 15:02:18,252 [INFO] sqlalchemy.engine.Engine: [raw sql] ()
2022-04-26 15:02:18,259 [INFO] sqlalchemy.engine.Engine: PRAGMA temp.table_info("songs")
2022-04-26 15:02:18,260 [INFO] sqlalchemy.engine.Engine: [raw sql] ()
2022-04-26 15:02:18,262 [INFO] sqlalchemy.engine.Engine: PRAGMA main.table_info("locations")
2022-04-26 15:02:18,263 [INFO] sqlalchemy.engine.Engine: [raw sql] ()
2022-04-26 15:02:18,264 [INFO] sqlalchemy.engine.Engine: PRAGMA temp.table_info("locations")
2022-04-26 15:02:18,266 [INFO] sqlalchemy.engine.Engine: [raw sql] ()
2022-04-26 15:02:18,267 [INFO] sqlalchemy.engine.Engine: PRAGMA main.table_info("users")
2022-04-26 15:02:18,268 [INFO] sqlalchemy.engine.Engine: [raw sql] ()
2022-04-26 15:02:18,270 [INFO] sqlalchemy.engine.Engine: PRAGMA temp.table_info("users")
2022-04-26 15:02:18,271 [INFO] sqlalchemy.engine.Engine: [raw sql] ()
2022-04-26 15:02:18,274 [INFO] sqlalchemy.engine.Engine: 
CREATE TABLE users (
	id INTEGER NOT NULL, 
	email VARCHAR(120) NOT NULL, 
	password VARCHAR(300) NOT NULL, 
	about VARCHAR(300), 
	authenticated BOOLEAN, 
	registered_on DATETIME, 
	is_active BOOLEAN DEFAULT '1' NOT NULL, 
	is_admin BOOLEAN DEFAULT '0' NOT NULL, 
	PRIMARY KEY (id), 
	UNIQUE (email), 
	UNIQUE (password)
)


2022-04-26 15:02:18,275 [INFO] sqlalchemy.engine.Engine: [no key 0.00115s] ()
2022-04-26 15:02:18,327 [INFO] sqlalchemy.engine.Engine: 
CREATE TABLE songs (
	id INTEGER NOT NULL, 
	title VARCHAR(300), 
	artist VARCHAR(300), 
	user_id INTEGER, 
	PRIMARY KEY (id), 
	FOREIGN KEY(user_id) REFERENCES users (id)
)


2022-04-26 15:02:18,328 [INFO] sqlalchemy.engine.Engine: [no key 0.00129s] ()
2022-04-26 15:02:18,376 [INFO] sqlalchemy.engine.Engine: 
CREATE TABLE locations (
	id INTEGER NOT NULL, 
	title VARCHAR(300), 
	longitude VARCHAR(300), 
	latitude VARCHAR(300), 
	population INTEGER, 
	user_id INTEGER, 
	PRIMARY KEY (id), 
	FOREIGN KEY(user_id) REFERENCES users (id)
)


2022-04-26 15:02:18,377 [INFO] sqlalchemy.engine.Engine: [no key 0.00130s] ()
2022-04-26 15:02:18,423 [INFO] sqlalchemy.engine.Engine: COMMIT
2022-04-26 15:02:18,700 [INFO] sqlalchemy.engine.Engine: BEGIN (implicit)
2022-04-26 15:02:18,701 [INFO] sqlalchemy.engine.Engine: PRAGMA main.table_info("songs")
2022-04-26 15:02:18,701 [INFO] sqlalchemy.engine.Engine: [raw sql] ()
2022-04-26 15:02:18,704 [INFO] sqlalchemy.engine.Engine: PRAGMA main.table_info("locations")
2022-04-26 15:02:18,704 [INFO] sqlalchemy.engine.Engine: [raw sql] ()
2022-04-26 15:02:18,705 [INFO] sqlalchemy.engine.Engine: PRAGMA main.table_info("users")
2022-04-26 15:02:18,706 [INFO] sqlalchemy.engine.Engine: [raw sql] ()
2022-04-26 15:02:18,707 [INFO] sqlalchemy.engine.Engine: 
DROP TABLE locations
2022-04-26 15:02:18,707 [INFO] sqlalchemy.engine.Engine: [no key 0.00023s] ()
2022-04-26 15:02:18,717 [INFO] sqlalchemy.engine.Engine: 
DROP TABLE songs
2022-04-26 15:02:18,717 [INFO] sqlalchemy.engine.Engine: [no key 0.00031s] ()
2022-04-26 15:02:18,728 [INFO] sqlalchemy.engine.Engine: 
DROP TABLE users
2022-04-26 15:02:18,728 [INFO] sqlalchemy.engine.Engine: [no key 0.00031s] ()
2022-04-26 15:02:18,745 [INFO] sqlalchemy.engine.Engine: COMMIT
2022-04-26 15:02:18,770 [INFO] sqlalchemy.engine.Engine: BEGIN (implicit)
2022-04-26 15:02:18,770 [INFO] sqlalchemy.engine.Engine: PRAGMA main.table_info("songs")
2022-04-26 15:02:18,771 [INFO] sqlalchemy.engine.Engine: [raw sql] ()
2022-04-26 15:02:18,775 [INFO] sqlalchemy.engine.Engine: PRAGMA temp.table_info("songs")
2022-04-26 15:02:18,775 [INFO] sqlalchemy.engine.Engine: [raw sql] ()
2022-04-26 15:02:18,776 [INFO] sqlalchemy.engine.Engine: PRAGMA main.table_info("locations")
2022-04-26 15:02:18,776 [INFO] sqlalchemy.engine.Engine: [raw sql] ()
2022-04-26 15:02:18,777 [INFO] sqlalchemy.engine.Engine: PRAGMA temp.table_info("locations")
2022-04-26 15:02:18,778 [INFO] sqlalchemy.engine.Engine: [raw sql] ()
2022-04-26 15:02:18,778 [INFO] sqlalchemy.engine.Engine: PRAGMA main.table_info("users")
2022-04-26 15:02:18,779 [INFO] sqlalchemy.engine.Engine: [raw sql] ()
2022-04-26 15:02:18,780 [INFO] sqlalchemy.engine.Engine: PRAGMA temp.table_info("users")
2022-04-26 15:02:18,780 [INFO] sqlalchemy.engine.Engine: [raw sql] ()
2022-04-26 15:02:18,782 [INFO] sqlalchemy.engine.Engine: 
CREATE TABLE users (
	id INTEGER NOT NULL, 
	email VARCHAR(120) NOT NULL, 
	password VARCHAR(300) NOT NULL, 
	about VARCHAR(300), 
	authenticated BOOLEAN, 
	registered_on DATETIME, 
	is_active BOOLEAN DEFAULT '1' NOT NULL, 
	is_admin BOOLEAN DEFAULT '0' NOT NULL, 
	PRIMARY KEY (id), 
	UNIQUE (email), 
	UNIQUE (password)
)


2022-04-26 15:02:18,783 [INFO] sqlalchemy.engine.Engine: [no key 0.00090s] ()
2022-04-26 15:02:18,818 [INFO] sqlalchemy.engine.Engine: 
CREATE TABLE songs (
	id INTEGER NOT NULL, 
	title VARCHAR(300), 
	artist VARCHAR(300), 
	user_id INTEGER, 
	PRIMARY KEY (id), 
	FOREIGN KEY(user_id) REFERENCES users (id)
)


2022-04-26 15:02:18,819 [INFO] sqlalchemy.engine.Engine: [no key 0.00085s] ()
2022-04-26 15:02:18,856 [INFO] sqlalchemy.engine.Engine: 
CREATE TABLE locations (
	id INTEGER NOT NULL, 
	title VARCHAR(300), 
	longitude VARCHAR(300), 
	latitude VARCHAR(300), 
	population INTEGER, 
	user_id INTEGER, 
	PRIMARY KEY (id), 
	FOREIGN KEY(user_id) REFERENCES users (id)
)


2022-04-26 15:02:18,857 [INFO] sqlalchemy.engine.Engine: [no key 0.00135s] ()
2022-04-26 15:02:18,904 [INFO] sqlalchemy.engine.Engine: COMMIT
2022-04-26 15:02:19,236 [INFO] sqlalchemy.engine.Engine: BEGIN (implicit)
2022-04-26 15:02:19,237 [INFO] sqlalchemy.engine.Engine: PRAGMA main.table_info("songs")
2022-04-26 15:02:19,237 [INFO] sqlalchemy.engine.Engine: [raw sql] ()
2022-04-26 15:02:19,243 [INFO] sqlalchemy.engine.Engine: PRAGMA main.table_info("locations")
2022-04-26 15:02:19,243 [INFO] sqlalchemy.engine.Engine: [raw sql] ()
2022-04-26 15:02:19,246 [INFO] sqlalchemy.engine.Engine: PRAGMA main.table_info("users")
2022-04-26 15:02:19,246 [INFO] sqlalchemy.engine.Engine: [raw sql] ()
2022-04-26 15:02:19,248 [INFO] sqlalchemy.engine.Engine: 
DROP TABLE locations
2022-04-26 15:02:19,248 [INFO] sqlalchemy.engine.Engine: [no key 0.00037s] ()
2022-04-26 15:02:19,262 [INFO] sqlalchemy.engine.Engine: 
DROP TABLE songs
2022-04-26 15:02:19,262 [INFO] sqlalchemy.engine.Engine: [no key 0.00029s] ()
2022-04-26 15:02:19,273 [INFO] sqlalchemy.engine.Engine: 
DROP TABLE users
2022-04-26 15:02:19,273 [INFO] sqlalchemy.engine.Engine: [no key 0.00046s] ()
2022-04-26 15:02:19,286 [INFO] sqlalchemy.engine.Engine: COMMIT
2022-04-26 15:02:19,310 [INFO] sqlalchemy.engine.Engine: BEGIN (implicit)
2022-04-26 15:02:19,310 [INFO] sqlalchemy.engine.Engine: PRAGMA main.table_info("songs")
2022-04-26 15:02:19,311 [INFO] sqlalchemy.engine.Engine: [raw sql] ()
2022-04-26 15:02:19,313 [INFO] sqlalchemy.engine.Engine: PRAGMA temp.table_info("songs")
2022-04-26 15:02:19,313 [INFO] sqlalchemy.engine.Engine: [raw sql] ()
2022-04-26 15:02:19,314 [INFO] sqlalchemy.engine.Engine: PRAGMA main.table_info("locations")
2022-04-26 15:02:19,314 [INFO] sqlalchemy.engine.Engine: [raw sql] ()
2022-04-26 15:02:19,315 [INFO] sqlalchemy.engine.Engine: PRAGMA temp.table_info("locations")
2022-04-26 15:02:19,315 [INFO] sqlalchemy.engine.Engine: [raw sql] ()
2022-04-26 15:02:19,316 [INFO] sqlalchemy.engine.Engine: PRAGMA main.table_info("users")
2022-04-26 15:02:19,316 [INFO] sqlalchemy.engine.Engine: [raw sql] ()
2022-04-26 15:02:19,316 [INFO] sqlalchemy.engine.Engine: PRAGMA temp.table_info("users")
2022-04-26 15:02:19,317 [INFO] sqlalchemy.engine.Engine: [raw sql] ()
2022-04-26 15:02:19,318 [INFO] sqlalchemy.engine.Engine: 
CREATE TABLE users (
	id INTEGER NOT NULL, 
	email VARCHAR(120) NOT NULL, 
	password VARCHAR(300) NOT NULL, 
	about VARCHAR(300), 
	authenticated BOOLEAN, 
	registered_on DATETIME, 
	is_active BOOLEAN DEFAULT '1' NOT NULL, 
	is_admin BOOLEAN DEFAULT '0' NOT NULL, 
	PRIMARY KEY (id), 
	UNIQUE (email), 
	UNIQUE (password)
)


2022-04-26 15:02:19,318 [INFO] sqlalchemy.engine.Engine: [no key 0.00039s] ()
2022-04-26 15:02:19,358 [INFO] sqlalchemy.engine.Engine: 
CREATE TABLE songs (
	id INTEGER NOT NULL, 
	title VARCHAR(300), 
	artist VARCHAR(300), 
	user_id INTEGER, 
	PRIMARY KEY (id), 
	FOREIGN KEY(user_id) REFERENCES users (id)
)


2022-04-26 15:02:19,359 [INFO] sqlalchemy.engine.Engine: [no key 0.00133s] ()
2022-04-26 15:02:19,405 [INFO] sqlalchemy.engine.Engine: 
CREATE TABLE locations (
	id INTEGER NOT NULL, 
	title VARCHAR(300), 
	longitude VARCHAR(300), 
	latitude VARCHAR(300), 
	population INTEGER, 
	user_id INTEGER, 
	PRIMARY KEY (id), 
	FOREIGN KEY(user_id) REFERENCES users (id)
)


2022-04-26 15:02:19,406 [INFO] sqlalchemy.engine.Engine: [no key 0.00133s] ()
2022-04-26 15:02:19,453 [INFO] sqlalchemy.engine.Engine: COMMIT
2022-04-26 15:02:19,497 [INFO] sqlalchemy.engine.Engine: BEGIN (implicit)
2022-04-26 15:02:19,503 [INFO] sqlalchemy.engine.Engine: INSERT INTO users (email, password, about, authenticated, registered_on) VALUES (?, ?, ?, ?, ?)
2022-04-26 15:02:19,504 [INFO] sqlalchemy.engine.Engine: [generated in 0.00155s] ('keith@webizly.com', 'testtest', None, 0, '2022-04-26 15:02:19.482289')
2022-04-26 15:02:19,538 [INFO] sqlalchemy.engine.Engine: COMMIT
2022-04-26 15:02:19,585 [INFO] sqlalchemy.engine.Engine: BEGIN (implicit)
2022-04-26 15:02:19,598 [INFO] sqlalchemy.engine.Engine: SELECT count(*) AS count_1 
FROM (SELECT users.is_active AS users_is_active, users.id AS users_id, users.email AS users_email, users.password AS users_password, users.about AS users_about, users.authenticated AS users_authenticated, users.registered_on AS users_registered_on, users.is_admin AS users_is_admin 
FROM users) AS anon_1
2022-04-26 15:02:19,599 [INFO] sqlalchemy.engine.Engine: [generated in 0.00122s] ()
2022-04-26 15:02:19,619 [INFO] sqlalchemy.engine.Engine: SELECT count(*) AS count_1 
FROM (SELECT songs.id AS songs_id, songs.title AS songs_title, songs.artist AS songs_artist, songs.user_id AS songs_user_id 
FROM songs) AS anon_1
2022-04-26 15:02:19,620 [INFO] sqlalchemy.engine.Engine: [generated in 0.00123s] ()
2022-04-26 15:02:19,632 [INFO] sqlalchemy.engine.Engine: SELECT users.is_active AS users_is_active, users.id AS users_id, users.email AS users_email, users.password AS users_password, users.about AS users_about, users.authenticated AS users_authenticated, users.registered_on AS users_registered_on, users.is_admin AS users_is_admin 
FROM users 
WHERE users.email = ?
 LIMIT ? OFFSET ?
2022-04-26 15:02:19,633 [INFO] sqlalchemy.engine.Engine: [generated in 0.00118s] ('keith@webizly.com', 1, 0)
2022-04-26 15:02:19,642 [INFO] sqlalchemy.engine.Engine: ROLLBACK
2022-04-26 15:02:19,703 [INFO] sqlalchemy.engine.Engine: BEGIN (implicit)
2022-04-26 15:02:19,704 [INFO] sqlalchemy.engine.Engine: PRAGMA main.table_info("songs")
2022-04-26 15:02:19,705 [INFO] sqlalchemy.engine.Engine: [raw sql] ()
2022-04-26 15:02:19,717 [INFO] sqlalchemy.engine.Engine: PRAGMA main.table_info("locations")
2022-04-26 15:02:19,718 [INFO] sqlalchemy.engine.Engine: [raw sql] ()
2022-04-26 15:02:19,724 [INFO] sqlalchemy.engine.Engine: PRAGMA main.table_info("users")
2022-04-26 15:02:19,725 [INFO] sqlalchemy.engine.Engine: [raw sql] ()
2022-04-26 15:02:19,732 [INFO] sqlalchemy.engine.Engine: 
DROP TABLE locations
2022-04-26 15:02:19,733 [INFO] sqlalchemy.engine.Engine: [no key 0.00112s] ()
2022-04-26 15:02:19,772 [INFO] sqlalchemy.engine.Engine: 
DROP TABLE songs
2022-04-26 15:02:19,774 [INFO] sqlalchemy.engine.Engine: [no key 0.00124s] ()
2022-04-26 15:02:19,816 [INFO] sqlalchemy.engine.Engine: 
DROP TABLE users
2022-04-26 15:02:19,817 [INFO] sqlalchemy.engine.Engine: [no key 0.00115s] ()
2022-04-26 15:02:19,866 [INFO] sqlalchemy.engine.Engine: COMMIT
2022-04-26 15:07:36,422 [INFO] sqlalchemy.engine.Engine: BEGIN (implicit)
2022-04-26 15:07:36,423 [INFO] sqlalchemy.engine.Engine: PRAGMA main.table_info("songs")
2022-04-26 15:07:36,423 [INFO] sqlalchemy.engine.Engine: [raw sql] ()
2022-04-26 15:07:36,427 [INFO] sqlalchemy.engine.Engine: PRAGMA main.table_info("locations")
2022-04-26 15:07:36,427 [INFO] sqlalchemy.engine.Engine: [raw sql] ()
2022-04-26 15:07:36,429 [INFO] sqlalchemy.engine.Engine: PRAGMA main.table_info("users")
2022-04-26 15:07:36,429 [INFO] sqlalchemy.engine.Engine: [raw sql] ()
2022-04-26 15:07:36,431 [INFO] sqlalchemy.engine.Engine: 
DROP TABLE locations
2022-04-26 15:07:36,431 [INFO] sqlalchemy.engine.Engine: [no key 0.00029s] ()
2022-04-26 15:07:36,439 [INFO] sqlalchemy.engine.Engine: 
DROP TABLE songs
2022-04-26 15:07:36,440 [INFO] sqlalchemy.engine.Engine: [no key 0.00028s] ()
2022-04-26 15:07:36,450 [INFO] sqlalchemy.engine.Engine: 
DROP TABLE users
2022-04-26 15:07:36,450 [INFO] sqlalchemy.engine.Engine: [no key 0.00047s] ()
2022-04-26 15:07:36,506 [INFO] sqlalchemy.engine.Engine: COMMIT
2022-04-26 15:07:36,569 [INFO] sqlalchemy.engine.Engine: BEGIN (implicit)
2022-04-26 15:07:36,570 [INFO] sqlalchemy.engine.Engine: PRAGMA main.table_info("songs")
2022-04-26 15:07:36,570 [INFO] sqlalchemy.engine.Engine: [raw sql] ()
2022-04-26 15:07:36,574 [INFO] sqlalchemy.engine.Engine: PRAGMA temp.table_info("songs")
2022-04-26 15:07:36,574 [INFO] sqlalchemy.engine.Engine: [raw sql] ()
2022-04-26 15:07:36,575 [INFO] sqlalchemy.engine.Engine: PRAGMA main.table_info("locations")
2022-04-26 15:07:36,575 [INFO] sqlalchemy.engine.Engine: [raw sql] ()
2022-04-26 15:07:36,576 [INFO] sqlalchemy.engine.Engine: PRAGMA temp.table_info("locations")
2022-04-26 15:07:36,576 [INFO] sqlalchemy.engine.Engine: [raw sql] ()
2022-04-26 15:07:36,577 [INFO] sqlalchemy.engine.Engine: PRAGMA main.table_info("users")
2022-04-26 15:07:36,578 [INFO] sqlalchemy.engine.Engine: [raw sql] ()
2022-04-26 15:07:36,578 [INFO] sqlalchemy.engine.Engine: PRAGMA temp.table_info("users")
2022-04-26 15:07:36,579 [INFO] sqlalchemy.engine.Engine: [raw sql] ()
2022-04-26 15:07:36,580 [INFO] sqlalchemy.engine.Engine: 
CREATE TABLE users (
	id INTEGER NOT NULL, 
	email VARCHAR(120) NOT NULL, 
	password VARCHAR(300) NOT NULL, 
	about VARCHAR(300), 
	authenticated BOOLEAN, 
	registered_on DATETIME, 
	is_active BOOLEAN DEFAULT '1' NOT NULL, 
	is_admin BOOLEAN DEFAULT '0' NOT NULL, 
	PRIMARY KEY (id), 
	UNIQUE (email), 
	UNIQUE (password)
)


2022-04-26 15:07:36,580 [INFO] sqlalchemy.engine.Engine: [no key 0.00062s] ()
2022-04-26 15:07:36,598 [INFO] sqlalchemy.engine.Engine: 
CREATE TABLE songs (
	id INTEGER NOT NULL, 
	title VARCHAR(300), 
	artist VARCHAR(300), 
	user_id INTEGER, 
	PRIMARY KEY (id), 
	FOREIGN KEY(user_id) REFERENCES users (id)
)


2022-04-26 15:07:36,598 [INFO] sqlalchemy.engine.Engine: [no key 0.00030s] ()
2022-04-26 15:07:36,608 [INFO] sqlalchemy.engine.Engine: 
CREATE TABLE locations (
	id INTEGER NOT NULL, 
	title VARCHAR(300), 
	longitude VARCHAR(300), 
	latitude VARCHAR(300), 
	population INTEGER, 
	user_id INTEGER, 
	PRIMARY KEY (id), 
	FOREIGN KEY(user_id) REFERENCES users (id)
)


2022-04-26 15:07:36,608 [INFO] sqlalchemy.engine.Engine: [no key 0.00030s] ()
2022-04-26 15:07:36,617 [INFO] sqlalchemy.engine.Engine: COMMIT
2022-04-26 15:07:36,809 [INFO] sqlalchemy.engine.Engine: BEGIN (implicit)
2022-04-26 15:07:36,809 [INFO] sqlalchemy.engine.Engine: PRAGMA main.table_info("songs")
2022-04-26 15:07:36,810 [INFO] sqlalchemy.engine.Engine: [raw sql] ()
2022-04-26 15:07:36,812 [INFO] sqlalchemy.engine.Engine: PRAGMA main.table_info("locations")
2022-04-26 15:07:36,812 [INFO] sqlalchemy.engine.Engine: [raw sql] ()
2022-04-26 15:07:36,814 [INFO] sqlalchemy.engine.Engine: PRAGMA main.table_info("users")
2022-04-26 15:07:36,814 [INFO] sqlalchemy.engine.Engine: [raw sql] ()
2022-04-26 15:07:36,816 [INFO] sqlalchemy.engine.Engine: 
DROP TABLE locations
2022-04-26 15:07:36,816 [INFO] sqlalchemy.engine.Engine: [no key 0.00025s] ()
2022-04-26 15:07:36,828 [INFO] sqlalchemy.engine.Engine: 
DROP TABLE songs
2022-04-26 15:07:36,829 [INFO] sqlalchemy.engine.Engine: [no key 0.00048s] ()
2022-04-26 15:07:36,839 [INFO] sqlalchemy.engine.Engine: 
DROP TABLE users
2022-04-26 15:07:36,839 [INFO] sqlalchemy.engine.Engine: [no key 0.00030s] ()
2022-04-26 15:07:36,858 [INFO] sqlalchemy.engine.Engine: COMMIT
2022-04-26 15:07:36,946 [INFO] sqlalchemy.engine.Engine: BEGIN (implicit)
2022-04-26 15:07:36,947 [INFO] sqlalchemy.engine.Engine: PRAGMA main.table_info("songs")
2022-04-26 15:07:36,947 [INFO] sqlalchemy.engine.Engine: [raw sql] ()
2022-04-26 15:07:36,950 [INFO] sqlalchemy.engine.Engine: PRAGMA temp.table_info("songs")
2022-04-26 15:07:36,951 [INFO] sqlalchemy.engine.Engine: [raw sql] ()
2022-04-26 15:07:36,952 [INFO] sqlalchemy.engine.Engine: PRAGMA main.table_info("locations")
2022-04-26 15:07:36,952 [INFO] sqlalchemy.engine.Engine: [raw sql] ()
2022-04-26 15:07:36,953 [INFO] sqlalchemy.engine.Engine: PRAGMA temp.table_info("locations")
2022-04-26 15:07:36,953 [INFO] sqlalchemy.engine.Engine: [raw sql] ()
2022-04-26 15:07:36,954 [INFO] sqlalchemy.engine.Engine: PRAGMA main.table_info("users")
2022-04-26 15:07:36,954 [INFO] sqlalchemy.engine.Engine: [raw sql] ()
2022-04-26 15:07:36,955 [INFO] sqlalchemy.engine.Engine: PRAGMA temp.table_info("users")
2022-04-26 15:07:36,955 [INFO] sqlalchemy.engine.Engine: [raw sql] ()
2022-04-26 15:07:36,956 [INFO] sqlalchemy.engine.Engine: 
CREATE TABLE users (
	id INTEGER NOT NULL, 
	email VARCHAR(120) NOT NULL, 
	password VARCHAR(300) NOT NULL, 
	about VARCHAR(300), 
	authenticated BOOLEAN, 
	registered_on DATETIME, 
	is_active BOOLEAN DEFAULT '1' NOT NULL, 
	is_admin BOOLEAN DEFAULT '0' NOT NULL, 
	PRIMARY KEY (id), 
	UNIQUE (email), 
	UNIQUE (password)
)


2022-04-26 15:07:36,957 [INFO] sqlalchemy.engine.Engine: [no key 0.00053s] ()
2022-04-26 15:07:36,983 [INFO] sqlalchemy.engine.Engine: 
CREATE TABLE songs (
	id INTEGER NOT NULL, 
	title VARCHAR(300), 
	artist VARCHAR(300), 
	user_id INTEGER, 
	PRIMARY KEY (id), 
	FOREIGN KEY(user_id) REFERENCES users (id)
)


2022-04-26 15:07:36,984 [INFO] sqlalchemy.engine.Engine: [no key 0.00073s] ()
2022-04-26 15:07:37,022 [INFO] sqlalchemy.engine.Engine: 
CREATE TABLE locations (
	id INTEGER NOT NULL, 
	title VARCHAR(300), 
	longitude VARCHAR(300), 
	latitude VARCHAR(300), 
	population INTEGER, 
	user_id INTEGER, 
	PRIMARY KEY (id), 
	FOREIGN KEY(user_id) REFERENCES users (id)
)


2022-04-26 15:07:37,023 [INFO] sqlalchemy.engine.Engine: [no key 0.00146s] ()
2022-04-26 15:07:37,065 [INFO] sqlalchemy.engine.Engine: COMMIT
2022-04-26 15:07:37,145 [INFO] sqlalchemy.engine.Engine: BEGIN (implicit)
2022-04-26 15:07:37,145 [INFO] sqlalchemy.engine.Engine: PRAGMA main.table_info("songs")
2022-04-26 15:07:37,146 [INFO] sqlalchemy.engine.Engine: [raw sql] ()
2022-04-26 15:07:37,151 [INFO] sqlalchemy.engine.Engine: PRAGMA main.table_info("locations")
2022-04-26 15:07:37,151 [INFO] sqlalchemy.engine.Engine: [raw sql] ()
2022-04-26 15:07:37,154 [INFO] sqlalchemy.engine.Engine: PRAGMA main.table_info("users")
2022-04-26 15:07:37,155 [INFO] sqlalchemy.engine.Engine: [raw sql] ()
2022-04-26 15:07:37,158 [INFO] sqlalchemy.engine.Engine: COMMIT
2022-04-26 15:07:37,167 [INFO] sqlalchemy.engine.Engine: BEGIN (implicit)
2022-04-26 15:07:37,167 [INFO] sqlalchemy.engine.Engine: PRAGMA main.table_info("songs")
2022-04-26 15:07:37,168 [INFO] sqlalchemy.engine.Engine: [raw sql] ()
2022-04-26 15:07:37,175 [INFO] sqlalchemy.engine.Engine: PRAGMA main.table_info("locations")
2022-04-26 15:07:37,176 [INFO] sqlalchemy.engine.Engine: [raw sql] ()
2022-04-26 15:07:37,182 [INFO] sqlalchemy.engine.Engine: PRAGMA main.table_info("users")
2022-04-26 15:07:37,183 [INFO] sqlalchemy.engine.Engine: [raw sql] ()
2022-04-26 15:07:37,190 [INFO] sqlalchemy.engine.Engine: 
DROP TABLE locations
2022-04-26 15:07:37,191 [INFO] sqlalchemy.engine.Engine: [no key 0.00102s] ()
2022-04-26 15:07:37,234 [INFO] sqlalchemy.engine.Engine: 
DROP TABLE songs
2022-04-26 15:07:37,235 [INFO] sqlalchemy.engine.Engine: [no key 0.00127s] ()
2022-04-26 15:07:37,280 [INFO] sqlalchemy.engine.Engine: 
DROP TABLE users
2022-04-26 15:07:37,281 [INFO] sqlalchemy.engine.Engine: [no key 0.00128s] ()
2022-04-26 15:07:37,334 [INFO] sqlalchemy.engine.Engine: COMMIT
2022-04-26 15:07:37,374 [INFO] sqlalchemy.engine.Engine: BEGIN (implicit)
2022-04-26 15:07:37,374 [INFO] sqlalchemy.engine.Engine: PRAGMA main.table_info("songs")
2022-04-26 15:07:37,375 [INFO] sqlalchemy.engine.Engine: [raw sql] ()
2022-04-26 15:07:37,376 [INFO] sqlalchemy.engine.Engine: PRAGMA temp.table_info("songs")
2022-04-26 15:07:37,376 [INFO] sqlalchemy.engine.Engine: [raw sql] ()
2022-04-26 15:07:37,376 [INFO] sqlalchemy.engine.Engine: PRAGMA main.table_info("locations")
2022-04-26 15:07:37,377 [INFO] sqlalchemy.engine.Engine: [raw sql] ()
2022-04-26 15:07:37,377 [INFO] sqlalchemy.engine.Engine: PRAGMA temp.table_info("locations")
2022-04-26 15:07:37,377 [INFO] sqlalchemy.engine.Engine: [raw sql] ()
2022-04-26 15:07:37,378 [INFO] sqlalchemy.engine.Engine: PRAGMA main.table_info("users")
2022-04-26 15:07:37,378 [INFO] sqlalchemy.engine.Engine: [raw sql] ()
2022-04-26 15:07:37,378 [INFO] sqlalchemy.engine.Engine: PRAGMA temp.table_info("users")
2022-04-26 15:07:37,378 [INFO] sqlalchemy.engine.Engine: [raw sql] ()
2022-04-26 15:07:37,379 [INFO] sqlalchemy.engine.Engine: 
CREATE TABLE users (
	id INTEGER NOT NULL, 
	email VARCHAR(120) NOT NULL, 
	password VARCHAR(300) NOT NULL, 
	about VARCHAR(300), 
	authenticated BOOLEAN, 
	registered_on DATETIME, 
	is_active BOOLEAN DEFAULT '1' NOT NULL, 
	is_admin BOOLEAN DEFAULT '0' NOT NULL, 
	PRIMARY KEY (id), 
	UNIQUE (email), 
	UNIQUE (password)
)


2022-04-26 15:07:37,379 [INFO] sqlalchemy.engine.Engine: [no key 0.00020s] ()
2022-04-26 15:07:37,390 [INFO] sqlalchemy.engine.Engine: 
CREATE TABLE songs (
	id INTEGER NOT NULL, 
	title VARCHAR(300), 
	artist VARCHAR(300), 
	user_id INTEGER, 
	PRIMARY KEY (id), 
	FOREIGN KEY(user_id) REFERENCES users (id)
)


2022-04-26 15:07:37,390 [INFO] sqlalchemy.engine.Engine: [no key 0.00044s] ()
2022-04-26 15:07:37,407 [INFO] sqlalchemy.engine.Engine: 
CREATE TABLE locations (
	id INTEGER NOT NULL, 
	title VARCHAR(300), 
	longitude VARCHAR(300), 
	latitude VARCHAR(300), 
	population INTEGER, 
	user_id INTEGER, 
	PRIMARY KEY (id), 
	FOREIGN KEY(user_id) REFERENCES users (id)
)


2022-04-26 15:07:37,407 [INFO] sqlalchemy.engine.Engine: [no key 0.00035s] ()
2022-04-26 15:07:37,416 [INFO] sqlalchemy.engine.Engine: COMMIT
2022-04-26 15:07:37,420 [INFO] sqlalchemy.engine.Engine: BEGIN (implicit)
2022-04-26 15:07:37,420 [INFO] sqlalchemy.engine.Engine: PRAGMA main.table_info("songs")
2022-04-26 15:07:37,421 [INFO] sqlalchemy.engine.Engine: [raw sql] ()
2022-04-26 15:07:37,421 [INFO] sqlalchemy.engine.Engine: PRAGMA temp.table_info("songs")
2022-04-26 15:07:37,421 [INFO] sqlalchemy.engine.Engine: [raw sql] ()
2022-04-26 15:07:37,422 [INFO] sqlalchemy.engine.Engine: PRAGMA main.table_info("locations")
2022-04-26 15:07:37,422 [INFO] sqlalchemy.engine.Engine: [raw sql] ()
2022-04-26 15:07:37,423 [INFO] sqlalchemy.engine.Engine: PRAGMA temp.table_info("locations")
2022-04-26 15:07:37,423 [INFO] sqlalchemy.engine.Engine: [raw sql] ()
2022-04-26 15:07:37,423 [INFO] sqlalchemy.engine.Engine: PRAGMA main.table_info("users")
2022-04-26 15:07:37,424 [INFO] sqlalchemy.engine.Engine: [raw sql] ()
2022-04-26 15:07:37,424 [INFO] sqlalchemy.engine.Engine: PRAGMA temp.table_info("users")
2022-04-26 15:07:37,425 [INFO] sqlalchemy.engine.Engine: [raw sql] ()
2022-04-26 15:07:37,425 [INFO] sqlalchemy.engine.Engine: COMMIT
2022-04-26 15:07:37,452 [INFO] sqlalchemy.engine.Engine: BEGIN (implicit)
2022-04-26 15:07:37,453 [INFO] sqlalchemy.engine.Engine: PRAGMA main.table_info("songs")
2022-04-26 15:07:37,454 [INFO] sqlalchemy.engine.Engine: [raw sql] ()
2022-04-26 15:07:37,461 [INFO] sqlalchemy.engine.Engine: PRAGMA main.table_info("locations")
2022-04-26 15:07:37,462 [INFO] sqlalchemy.engine.Engine: [raw sql] ()
2022-04-26 15:07:37,466 [INFO] sqlalchemy.engine.Engine: PRAGMA main.table_info("users")
2022-04-26 15:07:37,467 [INFO] sqlalchemy.engine.Engine: [raw sql] ()
2022-04-26 15:07:37,471 [INFO] sqlalchemy.engine.Engine: COMMIT
2022-04-26 15:07:37,484 [INFO] sqlalchemy.engine.Engine: BEGIN (implicit)
2022-04-26 15:07:37,485 [INFO] sqlalchemy.engine.Engine: PRAGMA main.table_info("songs")
2022-04-26 15:07:37,486 [INFO] sqlalchemy.engine.Engine: [raw sql] ()
2022-04-26 15:07:37,493 [INFO] sqlalchemy.engine.Engine: PRAGMA main.table_info("locations")
2022-04-26 15:07:37,494 [INFO] sqlalchemy.engine.Engine: [raw sql] ()
2022-04-26 15:07:37,498 [INFO] sqlalchemy.engine.Engine: PRAGMA main.table_info("users")
2022-04-26 15:07:37,499 [INFO] sqlalchemy.engine.Engine: [raw sql] ()
2022-04-26 15:07:37,503 [INFO] sqlalchemy.engine.Engine: 
DROP TABLE locations
2022-04-26 15:07:37,504 [INFO] sqlalchemy.engine.Engine: [no key 0.00069s] ()
2022-04-26 15:07:37,530 [INFO] sqlalchemy.engine.Engine: 
DROP TABLE songs
2022-04-26 15:07:37,531 [INFO] sqlalchemy.engine.Engine: [no key 0.00071s] ()
2022-04-26 15:07:37,558 [INFO] sqlalchemy.engine.Engine: 
DROP TABLE users
2022-04-26 15:07:37,559 [INFO] sqlalchemy.engine.Engine: [no key 0.00075s] ()
2022-04-26 15:07:37,591 [INFO] sqlalchemy.engine.Engine: COMMIT
2022-04-26 15:07:37,639 [INFO] sqlalchemy.engine.Engine: BEGIN (implicit)
2022-04-26 15:07:37,640 [INFO] sqlalchemy.engine.Engine: PRAGMA main.table_info("songs")
2022-04-26 15:07:37,641 [INFO] sqlalchemy.engine.Engine: [raw sql] ()
2022-04-26 15:07:37,645 [INFO] sqlalchemy.engine.Engine: PRAGMA temp.table_info("songs")
2022-04-26 15:07:37,646 [INFO] sqlalchemy.engine.Engine: [raw sql] ()
2022-04-26 15:07:37,647 [INFO] sqlalchemy.engine.Engine: PRAGMA main.table_info("locations")
2022-04-26 15:07:37,647 [INFO] sqlalchemy.engine.Engine: [raw sql] ()
2022-04-26 15:07:37,648 [INFO] sqlalchemy.engine.Engine: PRAGMA temp.table_info("locations")
2022-04-26 15:07:37,649 [INFO] sqlalchemy.engine.Engine: [raw sql] ()
2022-04-26 15:07:37,650 [INFO] sqlalchemy.engine.Engine: PRAGMA main.table_info("users")
2022-04-26 15:07:37,650 [INFO] sqlalchemy.engine.Engine: [raw sql] ()
2022-04-26 15:07:37,651 [INFO] sqlalchemy.engine.Engine: PRAGMA temp.table_info("users")
2022-04-26 15:07:37,652 [INFO] sqlalchemy.engine.Engine: [raw sql] ()
2022-04-26 15:07:37,654 [INFO] sqlalchemy.engine.Engine: 
CREATE TABLE users (
	id INTEGER NOT NULL, 
	email VARCHAR(120) NOT NULL, 
	password VARCHAR(300) NOT NULL, 
	about VARCHAR(300), 
	authenticated BOOLEAN, 
	registered_on DATETIME, 
	is_active BOOLEAN DEFAULT '1' NOT NULL, 
	is_admin BOOLEAN DEFAULT '0' NOT NULL, 
	PRIMARY KEY (id), 
	UNIQUE (email), 
	UNIQUE (password)
)


2022-04-26 15:07:37,654 [INFO] sqlalchemy.engine.Engine: [no key 0.00066s] ()
2022-04-26 15:07:37,682 [INFO] sqlalchemy.engine.Engine: 
CREATE TABLE songs (
	id INTEGER NOT NULL, 
	title VARCHAR(300), 
	artist VARCHAR(300), 
	user_id INTEGER, 
	PRIMARY KEY (id), 
	FOREIGN KEY(user_id) REFERENCES users (id)
)


2022-04-26 15:07:37,682 [INFO] sqlalchemy.engine.Engine: [no key 0.00075s] ()
2022-04-26 15:07:37,707 [INFO] sqlalchemy.engine.Engine: 
CREATE TABLE locations (
	id INTEGER NOT NULL, 
	title VARCHAR(300), 
	longitude VARCHAR(300), 
	latitude VARCHAR(300), 
	population INTEGER, 
	user_id INTEGER, 
	PRIMARY KEY (id), 
	FOREIGN KEY(user_id) REFERENCES users (id)
)


2022-04-26 15:07:37,708 [INFO] sqlalchemy.engine.Engine: [no key 0.00094s] ()
2022-04-26 15:07:37,733 [INFO] sqlalchemy.engine.Engine: COMMIT
2022-04-26 15:07:37,987 [INFO] sqlalchemy.engine.Engine: BEGIN (implicit)
2022-04-26 15:07:37,988 [INFO] sqlalchemy.engine.Engine: PRAGMA main.table_info("songs")
2022-04-26 15:07:37,988 [INFO] sqlalchemy.engine.Engine: [raw sql] ()
2022-04-26 15:07:37,991 [INFO] sqlalchemy.engine.Engine: PRAGMA main.table_info("locations")
2022-04-26 15:07:37,991 [INFO] sqlalchemy.engine.Engine: [raw sql] ()
2022-04-26 15:07:37,993 [INFO] sqlalchemy.engine.Engine: PRAGMA main.table_info("users")
2022-04-26 15:07:37,993 [INFO] sqlalchemy.engine.Engine: [raw sql] ()
2022-04-26 15:07:37,995 [INFO] sqlalchemy.engine.Engine: 
DROP TABLE locations
2022-04-26 15:07:37,995 [INFO] sqlalchemy.engine.Engine: [no key 0.00026s] ()
2022-04-26 15:07:38,005 [INFO] sqlalchemy.engine.Engine: 
DROP TABLE songs
2022-04-26 15:07:38,005 [INFO] sqlalchemy.engine.Engine: [no key 0.00029s] ()
2022-04-26 15:07:38,021 [INFO] sqlalchemy.engine.Engine: 
DROP TABLE users
2022-04-26 15:07:38,022 [INFO] sqlalchemy.engine.Engine: [no key 0.00076s] ()
2022-04-26 15:07:38,076 [INFO] sqlalchemy.engine.Engine: COMMIT
2022-04-26 15:07:38,128 [INFO] sqlalchemy.engine.Engine: BEGIN (implicit)
2022-04-26 15:07:38,128 [INFO] sqlalchemy.engine.Engine: PRAGMA main.table_info("songs")
2022-04-26 15:07:38,129 [INFO] sqlalchemy.engine.Engine: [raw sql] ()
2022-04-26 15:07:38,131 [INFO] sqlalchemy.engine.Engine: PRAGMA temp.table_info("songs")
2022-04-26 15:07:38,131 [INFO] sqlalchemy.engine.Engine: [raw sql] ()
2022-04-26 15:07:38,132 [INFO] sqlalchemy.engine.Engine: PRAGMA main.table_info("locations")
2022-04-26 15:07:38,132 [INFO] sqlalchemy.engine.Engine: [raw sql] ()
2022-04-26 15:07:38,133 [INFO] sqlalchemy.engine.Engine: PRAGMA temp.table_info("locations")
2022-04-26 15:07:38,133 [INFO] sqlalchemy.engine.Engine: [raw sql] ()
2022-04-26 15:07:38,134 [INFO] sqlalchemy.engine.Engine: PRAGMA main.table_info("users")
2022-04-26 15:07:38,134 [INFO] sqlalchemy.engine.Engine: [raw sql] ()
2022-04-26 15:07:38,134 [INFO] sqlalchemy.engine.Engine: PRAGMA temp.table_info("users")
2022-04-26 15:07:38,135 [INFO] sqlalchemy.engine.Engine: [raw sql] ()
2022-04-26 15:07:38,136 [INFO] sqlalchemy.engine.Engine: 
CREATE TABLE users (
	id INTEGER NOT NULL, 
	email VARCHAR(120) NOT NULL, 
	password VARCHAR(300) NOT NULL, 
	about VARCHAR(300), 
	authenticated BOOLEAN, 
	registered_on DATETIME, 
	is_active BOOLEAN DEFAULT '1' NOT NULL, 
	is_admin BOOLEAN DEFAULT '0' NOT NULL, 
	PRIMARY KEY (id), 
	UNIQUE (email), 
	UNIQUE (password)
)


2022-04-26 15:07:38,136 [INFO] sqlalchemy.engine.Engine: [no key 0.00053s] ()
2022-04-26 15:07:38,152 [INFO] sqlalchemy.engine.Engine: 
CREATE TABLE songs (
	id INTEGER NOT NULL, 
	title VARCHAR(300), 
	artist VARCHAR(300), 
	user_id INTEGER, 
	PRIMARY KEY (id), 
	FOREIGN KEY(user_id) REFERENCES users (id)
)


2022-04-26 15:07:38,152 [INFO] sqlalchemy.engine.Engine: [no key 0.00040s] ()
2022-04-26 15:07:38,163 [INFO] sqlalchemy.engine.Engine: 
CREATE TABLE locations (
	id INTEGER NOT NULL, 
	title VARCHAR(300), 
	longitude VARCHAR(300), 
	latitude VARCHAR(300), 
	population INTEGER, 
	user_id INTEGER, 
	PRIMARY KEY (id), 
	FOREIGN KEY(user_id) REFERENCES users (id)
)


2022-04-26 15:07:38,163 [INFO] sqlalchemy.engine.Engine: [no key 0.00036s] ()
2022-04-26 15:07:38,174 [INFO] sqlalchemy.engine.Engine: COMMIT
2022-04-26 15:07:38,365 [INFO] sqlalchemy.engine.Engine: BEGIN (implicit)
2022-04-26 15:07:38,366 [INFO] sqlalchemy.engine.Engine: PRAGMA main.table_info("songs")
2022-04-26 15:07:38,366 [INFO] sqlalchemy.engine.Engine: [raw sql] ()
2022-04-26 15:07:38,370 [INFO] sqlalchemy.engine.Engine: PRAGMA main.table_info("locations")
2022-04-26 15:07:38,370 [INFO] sqlalchemy.engine.Engine: [raw sql] ()
2022-04-26 15:07:38,372 [INFO] sqlalchemy.engine.Engine: PRAGMA main.table_info("users")
2022-04-26 15:07:38,373 [INFO] sqlalchemy.engine.Engine: [raw sql] ()
2022-04-26 15:07:38,374 [INFO] sqlalchemy.engine.Engine: 
DROP TABLE locations
2022-04-26 15:07:38,374 [INFO] sqlalchemy.engine.Engine: [no key 0.00029s] ()
2022-04-26 15:07:38,384 [INFO] sqlalchemy.engine.Engine: 
DROP TABLE songs
2022-04-26 15:07:38,385 [INFO] sqlalchemy.engine.Engine: [no key 0.00031s] ()
2022-04-26 15:07:38,398 [INFO] sqlalchemy.engine.Engine: 
DROP TABLE users
2022-04-26 15:07:38,398 [INFO] sqlalchemy.engine.Engine: [no key 0.00031s] ()
2022-04-26 15:07:38,411 [INFO] sqlalchemy.engine.Engine: COMMIT
2022-04-26 15:07:38,437 [INFO] sqlalchemy.engine.Engine: BEGIN (implicit)
2022-04-26 15:07:38,438 [INFO] sqlalchemy.engine.Engine: PRAGMA main.table_info("songs")
2022-04-26 15:07:38,438 [INFO] sqlalchemy.engine.Engine: [raw sql] ()
2022-04-26 15:07:38,444 [INFO] sqlalchemy.engine.Engine: PRAGMA temp.table_info("songs")
2022-04-26 15:07:38,444 [INFO] sqlalchemy.engine.Engine: [raw sql] ()
2022-04-26 15:07:38,445 [INFO] sqlalchemy.engine.Engine: PRAGMA main.table_info("locations")
2022-04-26 15:07:38,446 [INFO] sqlalchemy.engine.Engine: [raw sql] ()
2022-04-26 15:07:38,447 [INFO] sqlalchemy.engine.Engine: PRAGMA temp.table_info("locations")
2022-04-26 15:07:38,448 [INFO] sqlalchemy.engine.Engine: [raw sql] ()
2022-04-26 15:07:38,449 [INFO] sqlalchemy.engine.Engine: PRAGMA main.table_info("users")
2022-04-26 15:07:38,450 [INFO] sqlalchemy.engine.Engine: [raw sql] ()
2022-04-26 15:07:38,451 [INFO] sqlalchemy.engine.Engine: PRAGMA temp.table_info("users")
2022-04-26 15:07:38,451 [INFO] sqlalchemy.engine.Engine: [raw sql] ()
2022-04-26 15:07:38,453 [INFO] sqlalchemy.engine.Engine: 
CREATE TABLE users (
	id INTEGER NOT NULL, 
	email VARCHAR(120) NOT NULL, 
	password VARCHAR(300) NOT NULL, 
	about VARCHAR(300), 
	authenticated BOOLEAN, 
	registered_on DATETIME, 
	is_active BOOLEAN DEFAULT '1' NOT NULL, 
	is_admin BOOLEAN DEFAULT '0' NOT NULL, 
	PRIMARY KEY (id), 
	UNIQUE (email), 
	UNIQUE (password)
)


2022-04-26 15:07:38,454 [INFO] sqlalchemy.engine.Engine: [no key 0.00090s] ()
2022-04-26 15:07:38,490 [INFO] sqlalchemy.engine.Engine: 
CREATE TABLE songs (
	id INTEGER NOT NULL, 
	title VARCHAR(300), 
	artist VARCHAR(300), 
	user_id INTEGER, 
	PRIMARY KEY (id), 
	FOREIGN KEY(user_id) REFERENCES users (id)
)


2022-04-26 15:07:38,491 [INFO] sqlalchemy.engine.Engine: [no key 0.00084s] ()
2022-04-26 15:07:38,522 [INFO] sqlalchemy.engine.Engine: 
CREATE TABLE locations (
	id INTEGER NOT NULL, 
	title VARCHAR(300), 
	longitude VARCHAR(300), 
	latitude VARCHAR(300), 
	population INTEGER, 
	user_id INTEGER, 
	PRIMARY KEY (id), 
	FOREIGN KEY(user_id) REFERENCES users (id)
)


2022-04-26 15:07:38,523 [INFO] sqlalchemy.engine.Engine: [no key 0.00129s] ()
2022-04-26 15:07:38,568 [INFO] sqlalchemy.engine.Engine: COMMIT
2022-04-26 15:07:38,874 [INFO] sqlalchemy.engine.Engine: BEGIN (implicit)
2022-04-26 15:07:38,875 [INFO] sqlalchemy.engine.Engine: PRAGMA main.table_info("songs")
2022-04-26 15:07:38,875 [INFO] sqlalchemy.engine.Engine: [raw sql] ()
2022-04-26 15:07:38,881 [INFO] sqlalchemy.engine.Engine: PRAGMA main.table_info("locations")
2022-04-26 15:07:38,881 [INFO] sqlalchemy.engine.Engine: [raw sql] ()
2022-04-26 15:07:38,883 [INFO] sqlalchemy.engine.Engine: PRAGMA main.table_info("users")
2022-04-26 15:07:38,883 [INFO] sqlalchemy.engine.Engine: [raw sql] ()
2022-04-26 15:07:38,885 [INFO] sqlalchemy.engine.Engine: 
DROP TABLE locations
2022-04-26 15:07:38,885 [INFO] sqlalchemy.engine.Engine: [no key 0.00025s] ()
2022-04-26 15:07:38,895 [INFO] sqlalchemy.engine.Engine: 
DROP TABLE songs
2022-04-26 15:07:38,896 [INFO] sqlalchemy.engine.Engine: [no key 0.00029s] ()
2022-04-26 15:07:38,907 [INFO] sqlalchemy.engine.Engine: 
DROP TABLE users
2022-04-26 15:07:38,907 [INFO] sqlalchemy.engine.Engine: [no key 0.00031s] ()
2022-04-26 15:07:38,919 [INFO] sqlalchemy.engine.Engine: COMMIT
2022-04-26 15:07:38,942 [INFO] sqlalchemy.engine.Engine: BEGIN (implicit)
2022-04-26 15:07:38,942 [INFO] sqlalchemy.engine.Engine: PRAGMA main.table_info("songs")
2022-04-26 15:07:38,943 [INFO] sqlalchemy.engine.Engine: [raw sql] ()
2022-04-26 15:07:38,945 [INFO] sqlalchemy.engine.Engine: PRAGMA temp.table_info("songs")
2022-04-26 15:07:38,946 [INFO] sqlalchemy.engine.Engine: [raw sql] ()
2022-04-26 15:07:38,946 [INFO] sqlalchemy.engine.Engine: PRAGMA main.table_info("locations")
2022-04-26 15:07:38,946 [INFO] sqlalchemy.engine.Engine: [raw sql] ()
2022-04-26 15:07:38,947 [INFO] sqlalchemy.engine.Engine: PRAGMA temp.table_info("locations")
2022-04-26 15:07:38,947 [INFO] sqlalchemy.engine.Engine: [raw sql] ()
2022-04-26 15:07:38,948 [INFO] sqlalchemy.engine.Engine: PRAGMA main.table_info("users")
2022-04-26 15:07:38,948 [INFO] sqlalchemy.engine.Engine: [raw sql] ()
2022-04-26 15:07:38,949 [INFO] sqlalchemy.engine.Engine: PRAGMA temp.table_info("users")
2022-04-26 15:07:38,949 [INFO] sqlalchemy.engine.Engine: [raw sql] ()
2022-04-26 15:07:38,950 [INFO] sqlalchemy.engine.Engine: 
CREATE TABLE users (
	id INTEGER NOT NULL, 
	email VARCHAR(120) NOT NULL, 
	password VARCHAR(300) NOT NULL, 
	about VARCHAR(300), 
	authenticated BOOLEAN, 
	registered_on DATETIME, 
	is_active BOOLEAN DEFAULT '1' NOT NULL, 
	is_admin BOOLEAN DEFAULT '0' NOT NULL, 
	PRIMARY KEY (id), 
	UNIQUE (email), 
	UNIQUE (password)
)


2022-04-26 15:07:38,950 [INFO] sqlalchemy.engine.Engine: [no key 0.00030s] ()
2022-04-26 15:07:38,962 [INFO] sqlalchemy.engine.Engine: 
CREATE TABLE songs (
	id INTEGER NOT NULL, 
	title VARCHAR(300), 
	artist VARCHAR(300), 
	user_id INTEGER, 
	PRIMARY KEY (id), 
	FOREIGN KEY(user_id) REFERENCES users (id)
)


2022-04-26 15:07:38,962 [INFO] sqlalchemy.engine.Engine: [no key 0.00033s] ()
2022-04-26 15:07:38,972 [INFO] sqlalchemy.engine.Engine: 
CREATE TABLE locations (
	id INTEGER NOT NULL, 
	title VARCHAR(300), 
	longitude VARCHAR(300), 
	latitude VARCHAR(300), 
	population INTEGER, 
	user_id INTEGER, 
	PRIMARY KEY (id), 
	FOREIGN KEY(user_id) REFERENCES users (id)
)


2022-04-26 15:07:38,972 [INFO] sqlalchemy.engine.Engine: [no key 0.00042s] ()
2022-04-26 15:07:38,986 [INFO] sqlalchemy.engine.Engine: COMMIT
2022-04-26 15:07:39,173 [INFO] sqlalchemy.engine.Engine: BEGIN (implicit)
2022-04-26 15:07:39,174 [INFO] sqlalchemy.engine.Engine: PRAGMA main.table_info("songs")
2022-04-26 15:07:39,174 [INFO] sqlalchemy.engine.Engine: [raw sql] ()
2022-04-26 15:07:39,177 [INFO] sqlalchemy.engine.Engine: PRAGMA main.table_info("locations")
2022-04-26 15:07:39,177 [INFO] sqlalchemy.engine.Engine: [raw sql] ()
2022-04-26 15:07:39,178 [INFO] sqlalchemy.engine.Engine: PRAGMA main.table_info("users")
2022-04-26 15:07:39,179 [INFO] sqlalchemy.engine.Engine: [raw sql] ()
2022-04-26 15:07:39,180 [INFO] sqlalchemy.engine.Engine: 
DROP TABLE locations
2022-04-26 15:07:39,180 [INFO] sqlalchemy.engine.Engine: [no key 0.00020s] ()
2022-04-26 15:07:39,189 [INFO] sqlalchemy.engine.Engine: 
DROP TABLE songs
2022-04-26 15:07:39,189 [INFO] sqlalchemy.engine.Engine: [no key 0.00032s] ()
2022-04-26 15:07:39,201 [INFO] sqlalchemy.engine.Engine: 
DROP TABLE users
2022-04-26 15:07:39,202 [INFO] sqlalchemy.engine.Engine: [no key 0.00063s] ()
2022-04-26 15:07:39,214 [INFO] sqlalchemy.engine.Engine: COMMIT
2022-04-26 15:07:39,236 [INFO] sqlalchemy.engine.Engine: BEGIN (implicit)
2022-04-26 15:07:39,237 [INFO] sqlalchemy.engine.Engine: PRAGMA main.table_info("songs")
2022-04-26 15:07:39,237 [INFO] sqlalchemy.engine.Engine: [raw sql] ()
2022-04-26 15:07:39,239 [INFO] sqlalchemy.engine.Engine: PRAGMA temp.table_info("songs")
2022-04-26 15:07:39,240 [INFO] sqlalchemy.engine.Engine: [raw sql] ()
2022-04-26 15:07:39,240 [INFO] sqlalchemy.engine.Engine: PRAGMA main.table_info("locations")
2022-04-26 15:07:39,240 [INFO] sqlalchemy.engine.Engine: [raw sql] ()
2022-04-26 15:07:39,241 [INFO] sqlalchemy.engine.Engine: PRAGMA temp.table_info("locations")
2022-04-26 15:07:39,241 [INFO] sqlalchemy.engine.Engine: [raw sql] ()
2022-04-26 15:07:39,242 [INFO] sqlalchemy.engine.Engine: PRAGMA main.table_info("users")
2022-04-26 15:07:39,242 [INFO] sqlalchemy.engine.Engine: [raw sql] ()
2022-04-26 15:07:39,243 [INFO] sqlalchemy.engine.Engine: PRAGMA temp.table_info("users")
2022-04-26 15:07:39,243 [INFO] sqlalchemy.engine.Engine: [raw sql] ()
2022-04-26 15:07:39,245 [INFO] sqlalchemy.engine.Engine: 
CREATE TABLE users (
	id INTEGER NOT NULL, 
	email VARCHAR(120) NOT NULL, 
	password VARCHAR(300) NOT NULL, 
	about VARCHAR(300), 
	authenticated BOOLEAN, 
	registered_on DATETIME, 
	is_active BOOLEAN DEFAULT '1' NOT NULL, 
	is_admin BOOLEAN DEFAULT '0' NOT NULL, 
	PRIMARY KEY (id), 
	UNIQUE (email), 
	UNIQUE (password)
)


2022-04-26 15:07:39,246 [INFO] sqlalchemy.engine.Engine: [no key 0.00067s] ()
2022-04-26 15:07:39,284 [INFO] sqlalchemy.engine.Engine: 
CREATE TABLE songs (
	id INTEGER NOT NULL, 
	title VARCHAR(300), 
	artist VARCHAR(300), 
	user_id INTEGER, 
	PRIMARY KEY (id), 
	FOREIGN KEY(user_id) REFERENCES users (id)
)


2022-04-26 15:07:39,285 [INFO] sqlalchemy.engine.Engine: [no key 0.00092s] ()
2022-04-26 15:07:39,324 [INFO] sqlalchemy.engine.Engine: 
CREATE TABLE locations (
	id INTEGER NOT NULL, 
	title VARCHAR(300), 
	longitude VARCHAR(300), 
	latitude VARCHAR(300), 
	population INTEGER, 
	user_id INTEGER, 
	PRIMARY KEY (id), 
	FOREIGN KEY(user_id) REFERENCES users (id)
)


2022-04-26 15:07:39,325 [INFO] sqlalchemy.engine.Engine: [no key 0.00125s] ()
2022-04-26 15:07:39,358 [INFO] sqlalchemy.engine.Engine: COMMIT
2022-04-26 15:07:39,593 [INFO] sqlalchemy.engine.Engine: BEGIN (implicit)
2022-04-26 15:07:39,593 [INFO] sqlalchemy.engine.Engine: PRAGMA main.table_info("songs")
2022-04-26 15:07:39,594 [INFO] sqlalchemy.engine.Engine: [raw sql] ()
2022-04-26 15:07:39,598 [INFO] sqlalchemy.engine.Engine: PRAGMA main.table_info("locations")
2022-04-26 15:07:39,599 [INFO] sqlalchemy.engine.Engine: [raw sql] ()
2022-04-26 15:07:39,601 [INFO] sqlalchemy.engine.Engine: PRAGMA main.table_info("users")
2022-04-26 15:07:39,601 [INFO] sqlalchemy.engine.Engine: [raw sql] ()
2022-04-26 15:07:39,603 [INFO] sqlalchemy.engine.Engine: 
DROP TABLE locations
2022-04-26 15:07:39,603 [INFO] sqlalchemy.engine.Engine: [no key 0.00048s] ()
2022-04-26 15:07:39,612 [INFO] sqlalchemy.engine.Engine: 
DROP TABLE songs
2022-04-26 15:07:39,613 [INFO] sqlalchemy.engine.Engine: [no key 0.00031s] ()
2022-04-26 15:07:39,623 [INFO] sqlalchemy.engine.Engine: 
DROP TABLE users
2022-04-26 15:07:39,624 [INFO] sqlalchemy.engine.Engine: [no key 0.00055s] ()
2022-04-26 15:07:39,637 [INFO] sqlalchemy.engine.Engine: COMMIT
2022-04-26 15:07:39,662 [INFO] sqlalchemy.engine.Engine: BEGIN (implicit)
2022-04-26 15:07:39,663 [INFO] sqlalchemy.engine.Engine: PRAGMA main.table_info("songs")
2022-04-26 15:07:39,663 [INFO] sqlalchemy.engine.Engine: [raw sql] ()
2022-04-26 15:07:39,666 [INFO] sqlalchemy.engine.Engine: PRAGMA temp.table_info("songs")
2022-04-26 15:07:39,666 [INFO] sqlalchemy.engine.Engine: [raw sql] ()
2022-04-26 15:07:39,666 [INFO] sqlalchemy.engine.Engine: PRAGMA main.table_info("locations")
2022-04-26 15:07:39,667 [INFO] sqlalchemy.engine.Engine: [raw sql] ()
2022-04-26 15:07:39,667 [INFO] sqlalchemy.engine.Engine: PRAGMA temp.table_info("locations")
2022-04-26 15:07:39,667 [INFO] sqlalchemy.engine.Engine: [raw sql] ()
2022-04-26 15:07:39,668 [INFO] sqlalchemy.engine.Engine: PRAGMA main.table_info("users")
2022-04-26 15:07:39,668 [INFO] sqlalchemy.engine.Engine: [raw sql] ()
2022-04-26 15:07:39,668 [INFO] sqlalchemy.engine.Engine: PRAGMA temp.table_info("users")
2022-04-26 15:07:39,669 [INFO] sqlalchemy.engine.Engine: [raw sql] ()
2022-04-26 15:07:39,670 [INFO] sqlalchemy.engine.Engine: 
CREATE TABLE users (
	id INTEGER NOT NULL, 
	email VARCHAR(120) NOT NULL, 
	password VARCHAR(300) NOT NULL, 
	about VARCHAR(300), 
	authenticated BOOLEAN, 
	registered_on DATETIME, 
	is_active BOOLEAN DEFAULT '1' NOT NULL, 
	is_admin BOOLEAN DEFAULT '0' NOT NULL, 
	PRIMARY KEY (id), 
	UNIQUE (email), 
	UNIQUE (password)
)


2022-04-26 15:07:39,670 [INFO] sqlalchemy.engine.Engine: [no key 0.00036s] ()
2022-04-26 15:07:39,682 [INFO] sqlalchemy.engine.Engine: 
CREATE TABLE songs (
	id INTEGER NOT NULL, 
	title VARCHAR(300), 
	artist VARCHAR(300), 
	user_id INTEGER, 
	PRIMARY KEY (id), 
	FOREIGN KEY(user_id) REFERENCES users (id)
)


2022-04-26 15:07:39,683 [INFO] sqlalchemy.engine.Engine: [no key 0.00040s] ()
2022-04-26 15:07:39,696 [INFO] sqlalchemy.engine.Engine: 
CREATE TABLE locations (
	id INTEGER NOT NULL, 
	title VARCHAR(300), 
	longitude VARCHAR(300), 
	latitude VARCHAR(300), 
	population INTEGER, 
	user_id INTEGER, 
	PRIMARY KEY (id), 
	FOREIGN KEY(user_id) REFERENCES users (id)
)


2022-04-26 15:07:39,697 [INFO] sqlalchemy.engine.Engine: [no key 0.00059s] ()
2022-04-26 15:07:39,711 [INFO] sqlalchemy.engine.Engine: COMMIT
2022-04-26 15:07:39,892 [INFO] sqlalchemy.engine.Engine: BEGIN (implicit)
2022-04-26 15:07:39,893 [INFO] sqlalchemy.engine.Engine: PRAGMA main.table_info("songs")
2022-04-26 15:07:39,893 [INFO] sqlalchemy.engine.Engine: [raw sql] ()
2022-04-26 15:07:39,895 [INFO] sqlalchemy.engine.Engine: PRAGMA main.table_info("locations")
2022-04-26 15:07:39,896 [INFO] sqlalchemy.engine.Engine: [raw sql] ()
2022-04-26 15:07:39,897 [INFO] sqlalchemy.engine.Engine: PRAGMA main.table_info("users")
2022-04-26 15:07:39,897 [INFO] sqlalchemy.engine.Engine: [raw sql] ()
2022-04-26 15:07:39,898 [INFO] sqlalchemy.engine.Engine: 
DROP TABLE locations
2022-04-26 15:07:39,899 [INFO] sqlalchemy.engine.Engine: [no key 0.00029s] ()
2022-04-26 15:07:39,910 [INFO] sqlalchemy.engine.Engine: 
DROP TABLE songs
2022-04-26 15:07:39,910 [INFO] sqlalchemy.engine.Engine: [no key 0.00047s] ()
2022-04-26 15:07:39,923 [INFO] sqlalchemy.engine.Engine: 
DROP TABLE users
2022-04-26 15:07:39,924 [INFO] sqlalchemy.engine.Engine: [no key 0.00052s] ()
2022-04-26 15:07:39,939 [INFO] sqlalchemy.engine.Engine: COMMIT
2022-04-26 15:07:39,960 [INFO] sqlalchemy.engine.Engine: BEGIN (implicit)
2022-04-26 15:07:39,960 [INFO] sqlalchemy.engine.Engine: PRAGMA main.table_info("songs")
2022-04-26 15:07:39,960 [INFO] sqlalchemy.engine.Engine: [raw sql] ()
2022-04-26 15:07:39,962 [INFO] sqlalchemy.engine.Engine: PRAGMA temp.table_info("songs")
2022-04-26 15:07:39,962 [INFO] sqlalchemy.engine.Engine: [raw sql] ()
2022-04-26 15:07:39,963 [INFO] sqlalchemy.engine.Engine: PRAGMA main.table_info("locations")
2022-04-26 15:07:39,963 [INFO] sqlalchemy.engine.Engine: [raw sql] ()
2022-04-26 15:07:39,963 [INFO] sqlalchemy.engine.Engine: PRAGMA temp.table_info("locations")
2022-04-26 15:07:39,964 [INFO] sqlalchemy.engine.Engine: [raw sql] ()
2022-04-26 15:07:39,964 [INFO] sqlalchemy.engine.Engine: PRAGMA main.table_info("users")
2022-04-26 15:07:39,964 [INFO] sqlalchemy.engine.Engine: [raw sql] ()
2022-04-26 15:07:39,965 [INFO] sqlalchemy.engine.Engine: PRAGMA temp.table_info("users")
2022-04-26 15:07:39,965 [INFO] sqlalchemy.engine.Engine: [raw sql] ()
2022-04-26 15:07:39,966 [INFO] sqlalchemy.engine.Engine: 
CREATE TABLE users (
	id INTEGER NOT NULL, 
	email VARCHAR(120) NOT NULL, 
	password VARCHAR(300) NOT NULL, 
	about VARCHAR(300), 
	authenticated BOOLEAN, 
	registered_on DATETIME, 
	is_active BOOLEAN DEFAULT '1' NOT NULL, 
	is_admin BOOLEAN DEFAULT '0' NOT NULL, 
	PRIMARY KEY (id), 
	UNIQUE (email), 
	UNIQUE (password)
)


2022-04-26 15:07:39,966 [INFO] sqlalchemy.engine.Engine: [no key 0.00030s] ()
2022-04-26 15:07:39,979 [INFO] sqlalchemy.engine.Engine: 
CREATE TABLE songs (
	id INTEGER NOT NULL, 
	title VARCHAR(300), 
	artist VARCHAR(300), 
	user_id INTEGER, 
	PRIMARY KEY (id), 
	FOREIGN KEY(user_id) REFERENCES users (id)
)


2022-04-26 15:07:39,979 [INFO] sqlalchemy.engine.Engine: [no key 0.00031s] ()
2022-04-26 15:07:39,992 [INFO] sqlalchemy.engine.Engine: 
CREATE TABLE locations (
	id INTEGER NOT NULL, 
	title VARCHAR(300), 
	longitude VARCHAR(300), 
	latitude VARCHAR(300), 
	population INTEGER, 
	user_id INTEGER, 
	PRIMARY KEY (id), 
	FOREIGN KEY(user_id) REFERENCES users (id)
)


2022-04-26 15:07:39,993 [INFO] sqlalchemy.engine.Engine: [no key 0.00048s] ()
2022-04-26 15:07:40,006 [INFO] sqlalchemy.engine.Engine: COMMIT
2022-04-26 15:07:40,202 [INFO] sqlalchemy.engine.Engine: BEGIN (implicit)
2022-04-26 15:07:40,202 [INFO] sqlalchemy.engine.Engine: PRAGMA main.table_info("songs")
2022-04-26 15:07:40,203 [INFO] sqlalchemy.engine.Engine: [raw sql] ()
2022-04-26 15:07:40,207 [INFO] sqlalchemy.engine.Engine: PRAGMA main.table_info("locations")
2022-04-26 15:07:40,207 [INFO] sqlalchemy.engine.Engine: [raw sql] ()
2022-04-26 15:07:40,208 [INFO] sqlalchemy.engine.Engine: PRAGMA main.table_info("users")
2022-04-26 15:07:40,208 [INFO] sqlalchemy.engine.Engine: [raw sql] ()
2022-04-26 15:07:40,210 [INFO] sqlalchemy.engine.Engine: 
DROP TABLE locations
2022-04-26 15:07:40,210 [INFO] sqlalchemy.engine.Engine: [no key 0.00020s] ()
2022-04-26 15:07:40,219 [INFO] sqlalchemy.engine.Engine: 
DROP TABLE songs
2022-04-26 15:07:40,219 [INFO] sqlalchemy.engine.Engine: [no key 0.00030s] ()
2022-04-26 15:07:40,230 [INFO] sqlalchemy.engine.Engine: 
DROP TABLE users
2022-04-26 15:07:40,230 [INFO] sqlalchemy.engine.Engine: [no key 0.00033s] ()
2022-04-26 15:07:40,264 [INFO] sqlalchemy.engine.Engine: COMMIT
2022-04-26 15:07:40,316 [INFO] sqlalchemy.engine.Engine: BEGIN (implicit)
2022-04-26 15:07:40,317 [INFO] sqlalchemy.engine.Engine: PRAGMA main.table_info("songs")
2022-04-26 15:07:40,318 [INFO] sqlalchemy.engine.Engine: [raw sql] ()
2022-04-26 15:07:40,323 [INFO] sqlalchemy.engine.Engine: PRAGMA temp.table_info("songs")
2022-04-26 15:07:40,324 [INFO] sqlalchemy.engine.Engine: [raw sql] ()
2022-04-26 15:07:40,325 [INFO] sqlalchemy.engine.Engine: PRAGMA main.table_info("locations")
2022-04-26 15:07:40,326 [INFO] sqlalchemy.engine.Engine: [raw sql] ()
2022-04-26 15:07:40,327 [INFO] sqlalchemy.engine.Engine: PRAGMA temp.table_info("locations")
2022-04-26 15:07:40,328 [INFO] sqlalchemy.engine.Engine: [raw sql] ()
2022-04-26 15:07:40,328 [INFO] sqlalchemy.engine.Engine: PRAGMA main.table_info("users")
2022-04-26 15:07:40,329 [INFO] sqlalchemy.engine.Engine: [raw sql] ()
2022-04-26 15:07:40,330 [INFO] sqlalchemy.engine.Engine: PRAGMA temp.table_info("users")
2022-04-26 15:07:40,331 [INFO] sqlalchemy.engine.Engine: [raw sql] ()
2022-04-26 15:07:40,333 [INFO] sqlalchemy.engine.Engine: 
CREATE TABLE users (
	id INTEGER NOT NULL, 
	email VARCHAR(120) NOT NULL, 
	password VARCHAR(300) NOT NULL, 
	about VARCHAR(300), 
	authenticated BOOLEAN, 
	registered_on DATETIME, 
	is_active BOOLEAN DEFAULT '1' NOT NULL, 
	is_admin BOOLEAN DEFAULT '0' NOT NULL, 
	PRIMARY KEY (id), 
	UNIQUE (email), 
	UNIQUE (password)
)


2022-04-26 15:07:40,334 [INFO] sqlalchemy.engine.Engine: [no key 0.00082s] ()
2022-04-26 15:07:40,368 [INFO] sqlalchemy.engine.Engine: 
CREATE TABLE songs (
	id INTEGER NOT NULL, 
	title VARCHAR(300), 
	artist VARCHAR(300), 
	user_id INTEGER, 
	PRIMARY KEY (id), 
	FOREIGN KEY(user_id) REFERENCES users (id)
)


2022-04-26 15:07:40,369 [INFO] sqlalchemy.engine.Engine: [no key 0.00086s] ()
2022-04-26 15:07:40,399 [INFO] sqlalchemy.engine.Engine: 
CREATE TABLE locations (
	id INTEGER NOT NULL, 
	title VARCHAR(300), 
	longitude VARCHAR(300), 
	latitude VARCHAR(300), 
	population INTEGER, 
	user_id INTEGER, 
	PRIMARY KEY (id), 
	FOREIGN KEY(user_id) REFERENCES users (id)
)


2022-04-26 15:07:40,400 [INFO] sqlalchemy.engine.Engine: [no key 0.00088s] ()
2022-04-26 15:07:40,430 [INFO] sqlalchemy.engine.Engine: COMMIT
2022-04-26 15:07:40,740 [INFO] sqlalchemy.engine.Engine: BEGIN (implicit)
2022-04-26 15:07:40,741 [INFO] sqlalchemy.engine.Engine: PRAGMA main.table_info("songs")
2022-04-26 15:07:40,741 [INFO] sqlalchemy.engine.Engine: [raw sql] ()
2022-04-26 15:07:40,744 [INFO] sqlalchemy.engine.Engine: PRAGMA main.table_info("locations")
2022-04-26 15:07:40,744 [INFO] sqlalchemy.engine.Engine: [raw sql] ()
2022-04-26 15:07:40,746 [INFO] sqlalchemy.engine.Engine: PRAGMA main.table_info("users")
2022-04-26 15:07:40,746 [INFO] sqlalchemy.engine.Engine: [raw sql] ()
2022-04-26 15:07:40,747 [INFO] sqlalchemy.engine.Engine: 
DROP TABLE locations
2022-04-26 15:07:40,747 [INFO] sqlalchemy.engine.Engine: [no key 0.00019s] ()
2022-04-26 15:07:40,758 [INFO] sqlalchemy.engine.Engine: 
DROP TABLE songs
2022-04-26 15:07:40,758 [INFO] sqlalchemy.engine.Engine: [no key 0.00032s] ()
2022-04-26 15:07:40,771 [INFO] sqlalchemy.engine.Engine: 
DROP TABLE users
2022-04-26 15:07:40,771 [INFO] sqlalchemy.engine.Engine: [no key 0.00040s] ()
2022-04-26 15:07:40,786 [INFO] sqlalchemy.engine.Engine: COMMIT
2022-04-26 15:07:40,811 [INFO] sqlalchemy.engine.Engine: BEGIN (implicit)
2022-04-26 15:07:40,811 [INFO] sqlalchemy.engine.Engine: PRAGMA main.table_info("songs")
2022-04-26 15:07:40,812 [INFO] sqlalchemy.engine.Engine: [raw sql] ()
2022-04-26 15:07:40,814 [INFO] sqlalchemy.engine.Engine: PRAGMA temp.table_info("songs")
2022-04-26 15:07:40,815 [INFO] sqlalchemy.engine.Engine: [raw sql] ()
2022-04-26 15:07:40,815 [INFO] sqlalchemy.engine.Engine: PRAGMA main.table_info("locations")
2022-04-26 15:07:40,815 [INFO] sqlalchemy.engine.Engine: [raw sql] ()
2022-04-26 15:07:40,816 [INFO] sqlalchemy.engine.Engine: PRAGMA temp.table_info("locations")
2022-04-26 15:07:40,816 [INFO] sqlalchemy.engine.Engine: [raw sql] ()
2022-04-26 15:07:40,817 [INFO] sqlalchemy.engine.Engine: PRAGMA main.table_info("users")
2022-04-26 15:07:40,817 [INFO] sqlalchemy.engine.Engine: [raw sql] ()
2022-04-26 15:07:40,817 [INFO] sqlalchemy.engine.Engine: PRAGMA temp.table_info("users")
2022-04-26 15:07:40,818 [INFO] sqlalchemy.engine.Engine: [raw sql] ()
2022-04-26 15:07:40,818 [INFO] sqlalchemy.engine.Engine: 
CREATE TABLE users (
	id INTEGER NOT NULL, 
	email VARCHAR(120) NOT NULL, 
	password VARCHAR(300) NOT NULL, 
	about VARCHAR(300), 
	authenticated BOOLEAN, 
	registered_on DATETIME, 
	is_active BOOLEAN DEFAULT '1' NOT NULL, 
	is_admin BOOLEAN DEFAULT '0' NOT NULL, 
	PRIMARY KEY (id), 
	UNIQUE (email), 
	UNIQUE (password)
)


2022-04-26 15:07:40,819 [INFO] sqlalchemy.engine.Engine: [no key 0.00036s] ()
2022-04-26 15:07:40,831 [INFO] sqlalchemy.engine.Engine: 
CREATE TABLE songs (
	id INTEGER NOT NULL, 
	title VARCHAR(300), 
	artist VARCHAR(300), 
	user_id INTEGER, 
	PRIMARY KEY (id), 
	FOREIGN KEY(user_id) REFERENCES users (id)
)


2022-04-26 15:07:40,831 [INFO] sqlalchemy.engine.Engine: [no key 0.00035s] ()
2022-04-26 15:07:40,845 [INFO] sqlalchemy.engine.Engine: 
CREATE TABLE locations (
	id INTEGER NOT NULL, 
	title VARCHAR(300), 
	longitude VARCHAR(300), 
	latitude VARCHAR(300), 
	population INTEGER, 
	user_id INTEGER, 
	PRIMARY KEY (id), 
	FOREIGN KEY(user_id) REFERENCES users (id)
)


2022-04-26 15:07:40,845 [INFO] sqlalchemy.engine.Engine: [no key 0.00030s] ()
2022-04-26 15:07:40,854 [INFO] sqlalchemy.engine.Engine: COMMIT
2022-04-26 15:07:40,868 [INFO] sqlalchemy.engine.Engine: BEGIN (implicit)
2022-04-26 15:07:40,872 [INFO] sqlalchemy.engine.Engine: SELECT count(*) AS count_1 
FROM (SELECT users.is_active AS users_is_active, users.id AS users_id, users.email AS users_email, users.password AS users_password, users.about AS users_about, users.authenticated AS users_authenticated, users.registered_on AS users_registered_on, users.is_admin AS users_is_admin 
FROM users) AS anon_1
2022-04-26 15:07:40,872 [INFO] sqlalchemy.engine.Engine: [generated in 0.00051s] ()
2022-04-26 15:07:40,880 [INFO] sqlalchemy.engine.Engine: SELECT count(*) AS count_1 
FROM (SELECT songs.id AS songs_id, songs.title AS songs_title, songs.artist AS songs_artist, songs.user_id AS songs_user_id 
FROM songs) AS anon_1
2022-04-26 15:07:40,880 [INFO] sqlalchemy.engine.Engine: [generated in 0.00075s] ()
2022-04-26 15:07:40,885 [INFO] sqlalchemy.engine.Engine: INSERT INTO users (email, password, about, authenticated, registered_on) VALUES (?, ?, ?, ?, ?)
2022-04-26 15:07:40,886 [INFO] sqlalchemy.engine.Engine: [generated in 0.00047s] ('keith@webizly.com', 'testtest', None, 0, '2022-04-26 15:07:40.884158')
2022-04-26 15:07:40,895 [INFO] sqlalchemy.engine.Engine: SELECT users.is_active AS users_is_active, users.id AS users_id, users.email AS users_email, users.password AS users_password, users.about AS users_about, users.authenticated AS users_authenticated, users.registered_on AS users_registered_on, users.is_admin AS users_is_admin 
FROM users 
WHERE users.email = ?
 LIMIT ? OFFSET ?
2022-04-26 15:07:40,895 [INFO] sqlalchemy.engine.Engine: [generated in 0.00056s] ('keith@webizly.com', 1, 0)
2022-04-26 15:07:40,898 [INFO] sqlalchemy.engine.Engine: SELECT songs.id AS songs_id, songs.title AS songs_title, songs.artist AS songs_artist, songs.user_id AS songs_user_id 
FROM songs 
WHERE ? = songs.user_id
2022-04-26 15:07:40,898 [INFO] sqlalchemy.engine.Engine: [generated in 0.00050s] (1,)
2022-04-26 15:07:40,900 [INFO] sqlalchemy.engine.Engine: INSERT INTO songs (title, artist, user_id) VALUES (?, ?, ?)
2022-04-26 15:07:40,901 [INFO] sqlalchemy.engine.Engine: [generated in 0.00082s] ('test', 'smap', 1)
2022-04-26 15:07:40,902 [INFO] sqlalchemy.engine.Engine: INSERT INTO songs (title, artist, user_id) VALUES (?, ?, ?)
2022-04-26 15:07:40,903 [INFO] sqlalchemy.engine.Engine: [cached since 0.002816s ago] ('test2', 'te', 1)
2022-04-26 15:07:40,903 [INFO] sqlalchemy.engine.Engine: COMMIT
2022-04-26 15:07:40,918 [INFO] sqlalchemy.engine.Engine: BEGIN (implicit)
2022-04-26 15:07:40,918 [INFO] sqlalchemy.engine.Engine: SELECT count(*) AS count_1 
FROM (SELECT songs.id AS songs_id, songs.title AS songs_title, songs.artist AS songs_artist, songs.user_id AS songs_user_id 
FROM songs) AS anon_1
2022-04-26 15:07:40,918 [INFO] sqlalchemy.engine.Engine: [cached since 0.0387s ago] ()
2022-04-26 15:07:40,922 [INFO] sqlalchemy.engine.Engine: SELECT songs.id AS songs_id, songs.title AS songs_title, songs.artist AS songs_artist, songs.user_id AS songs_user_id 
FROM songs 
WHERE songs.title = ?
 LIMIT ? OFFSET ?
2022-04-26 15:07:40,923 [INFO] sqlalchemy.engine.Engine: [generated in 0.00050s] ('test', 1, 0)
2022-04-26 15:07:40,925 [INFO] sqlalchemy.engine.Engine: UPDATE songs SET title=? WHERE songs.id = ?
2022-04-26 15:07:40,925 [INFO] sqlalchemy.engine.Engine: [generated in 0.00028s] ('SuperSongTitle', 1)
2022-04-26 15:07:40,929 [INFO] sqlalchemy.engine.Engine: COMMIT
2022-04-26 15:07:40,940 [INFO] sqlalchemy.engine.Engine: BEGIN (implicit)
2022-04-26 15:07:40,941 [INFO] sqlalchemy.engine.Engine: SELECT songs.id AS songs_id, songs.title AS songs_title, songs.artist AS songs_artist, songs.user_id AS songs_user_id 
FROM songs 
WHERE songs.title = ?
 LIMIT ? OFFSET ?
2022-04-26 15:07:40,941 [INFO] sqlalchemy.engine.Engine: [cached since 0.01856s ago] ('SuperSongTitle', 1, 0)
2022-04-26 15:07:40,946 [INFO] sqlalchemy.engine.Engine: SELECT users.is_active AS users_is_active, users.id AS users_id, users.email AS users_email, users.password AS users_password, users.about AS users_about, users.authenticated AS users_authenticated, users.registered_on AS users_registered_on, users.is_admin AS users_is_admin 
FROM users 
WHERE users.id = ?
2022-04-26 15:07:40,947 [INFO] sqlalchemy.engine.Engine: [generated in 0.00047s] (1,)
2022-04-26 15:07:40,950 [INFO] sqlalchemy.engine.Engine: SELECT songs.id AS songs_id, songs.title AS songs_title, songs.artist AS songs_artist, songs.user_id AS songs_user_id 
FROM songs 
WHERE ? = songs.user_id
2022-04-26 15:07:40,951 [INFO] sqlalchemy.engine.Engine: [cached since 0.05287s ago] (1,)
2022-04-26 15:07:40,954 [INFO] sqlalchemy.engine.Engine: SELECT locations.id AS locations_id, locations.title AS locations_title, locations.longitude AS locations_longitude, locations.latitude AS locations_latitude, locations.population AS locations_population, locations.user_id AS locations_user_id 
FROM locations 
WHERE ? = locations.user_id
2022-04-26 15:07:40,955 [INFO] sqlalchemy.engine.Engine: [generated in 0.00044s] (1,)
2022-04-26 15:07:40,959 [INFO] sqlalchemy.engine.Engine: DELETE FROM songs WHERE songs.id = ?
2022-04-26 15:07:40,959 [INFO] sqlalchemy.engine.Engine: [generated in 0.00045s] ((1,), (2,))
2022-04-26 15:07:40,967 [INFO] sqlalchemy.engine.Engine: DELETE FROM users WHERE users.id = ?
2022-04-26 15:07:40,967 [INFO] sqlalchemy.engine.Engine: [generated in 0.00056s] (1,)
2022-04-26 15:07:40,971 [INFO] sqlalchemy.engine.Engine: SELECT count(*) AS count_1 
FROM (SELECT users.is_active AS users_is_active, users.id AS users_id, users.email AS users_email, users.password AS users_password, users.about AS users_about, users.authenticated AS users_authenticated, users.registered_on AS users_registered_on, users.is_admin AS users_is_admin 
FROM users) AS anon_1
2022-04-26 15:07:40,972 [INFO] sqlalchemy.engine.Engine: [cached since 0.09992s ago] ()
2022-04-26 15:07:40,973 [INFO] sqlalchemy.engine.Engine: SELECT count(*) AS count_1 
FROM (SELECT songs.id AS songs_id, songs.title AS songs_title, songs.artist AS songs_artist, songs.user_id AS songs_user_id 
FROM songs) AS anon_1
2022-04-26 15:07:40,973 [INFO] sqlalchemy.engine.Engine: [cached since 0.09356s ago] ()
2022-04-26 15:07:40,974 [INFO] sqlalchemy.engine.Engine: ROLLBACK
2022-04-26 15:07:40,986 [INFO] sqlalchemy.engine.Engine: BEGIN (implicit)
2022-04-26 15:07:40,986 [INFO] sqlalchemy.engine.Engine: PRAGMA main.table_info("songs")
2022-04-26 15:07:40,987 [INFO] sqlalchemy.engine.Engine: [raw sql] ()
2022-04-26 15:07:40,990 [INFO] sqlalchemy.engine.Engine: PRAGMA main.table_info("locations")
2022-04-26 15:07:40,990 [INFO] sqlalchemy.engine.Engine: [raw sql] ()
2022-04-26 15:07:40,992 [INFO] sqlalchemy.engine.Engine: PRAGMA main.table_info("users")
2022-04-26 15:07:40,992 [INFO] sqlalchemy.engine.Engine: [raw sql] ()
2022-04-26 15:07:40,993 [INFO] sqlalchemy.engine.Engine: 
DROP TABLE locations
2022-04-26 15:07:40,994 [INFO] sqlalchemy.engine.Engine: [no key 0.00026s] ()
2022-04-26 15:07:41,003 [INFO] sqlalchemy.engine.Engine: 
DROP TABLE songs
2022-04-26 15:07:41,003 [INFO] sqlalchemy.engine.Engine: [no key 0.00031s] ()
2022-04-26 15:07:41,018 [INFO] sqlalchemy.engine.Engine: 
DROP TABLE users
2022-04-26 15:07:41,019 [INFO] sqlalchemy.engine.Engine: [no key 0.00068s] ()
2022-04-26 15:07:41,060 [INFO] sqlalchemy.engine.Engine: COMMIT
